 
****************************************
Report : timing
        -path full
        -delay max
        -max_paths 1
Design : geofence
Version: P-2019.03
Date   : Tue Apr 13 23:22:16 2021
****************************************

Operating Conditions: slow   Library: slow
Wire Load Model Mode: top

  Startpoint: r_reg[2][0]
              (rising edge-triggered flip-flop clocked by clk)
  Endpoint: u11/dout_reg[0]
            (rising edge-triggered flip-flop clocked by clk)
  Path Group: clk
  Path Type: max

  Des/Clust/Port     Wire Load Model       Library
  ------------------------------------------------
  geofence           tsmc13_wl10           slow

  Point                                                   Incr       Path
  --------------------------------------------------------------------------
  clock clk (rise edge)                                   0.00       0.00
  clock network delay (ideal)                             0.50       0.50
  r_reg[2][0]/CK (DFFX4)                                  0.00       0.50 r
  r_reg[2][0]/Q (DFFX4)                                   0.35       0.85 r
  add_1_root_add_0_root_add_169_2/A[0] (geofence_DW01_add_39)
                                                          0.00       0.85 r
  add_1_root_add_0_root_add_169_2/U106/Y (NAND2X6)        0.15       1.00 f
  add_1_root_add_0_root_add_169_2/U138/Y (OA21X4)         0.27       1.27 f
  add_1_root_add_0_root_add_169_2/U159/Y (OAI21X4)        0.14       1.41 r
  add_1_root_add_0_root_add_169_2/U140/Y (XOR2X4)         0.18       1.59 f
  add_1_root_add_0_root_add_169_2/SUM[3] (geofence_DW01_add_39)
                                                          0.00       1.59 f
  add_0_root_add_0_root_add_169_2/A[3] (geofence_DW01_add_36)
                                                          0.00       1.59 f
  add_0_root_add_0_root_add_169_2/U244/Y (NAND2X4)        0.16       1.75 r
  add_0_root_add_0_root_add_169_2/U238/Y (OAI21X4)        0.10       1.85 f
  add_0_root_add_0_root_add_169_2/U144/Y (AOI21X4)        0.15       2.00 r
  add_0_root_add_0_root_add_169_2/U175/Y (INVX8)          0.12       2.12 f
  add_0_root_add_0_root_add_169_2/U219/Y (OAI2BB1X4)      0.18       2.30 f
  add_0_root_add_0_root_add_169_2/U252/Y (XOR2X4)         0.15       2.44 r
  add_0_root_add_0_root_add_169_2/U217/Y (INVX12)         0.13       2.57 f
  add_0_root_add_0_root_add_169_2/SUM[5] (geofence_DW01_add_36)
                                                          0.00       2.57 f
  U993/Y (INVX8)                                          0.11       2.68 r
  U637/Y (INVX12)                                         0.07       2.75 f
  mult_181/a[4] (geofence_DW_mult_uns_62)                 0.00       2.75 f
  mult_181/U1941/Y (CLKXOR2X8)                            0.37       3.12 f
  mult_181/U1185/Y (CLKINVX20)                            0.14       3.26 r
  mult_181/U1460/Y (NAND2X4)                              0.10       3.37 f
  mult_181/U1709/Y (CLKBUFX20)                            0.20       3.57 f
  mult_181/U1676/Y (OAI21X4)                              0.20       3.77 r
  mult_181/U1514/Y (INVX4)                                0.13       3.90 f
  mult_181/U1691/Y (XOR2X4)                               0.17       4.06 r
  mult_181/U1678/Y (OAI21X4)                              0.13       4.19 f
  mult_181/U1712/Y (NAND2X8)                              0.11       4.31 r
  mult_181/U1509/Y (NOR2X6)                               0.07       4.38 f
  mult_181/U1625/Y (OAI2BB2X4)                            0.20       4.58 r
  mult_181/U1383/Y (INVX8)                                0.09       4.68 f
  mult_181/U1642/Y (AOI21X4)                              0.13       4.81 r
  mult_181/U1627/Y (OR2X8)                                0.17       4.98 r
  mult_181/U1204/Y (NOR2X6)                               0.09       5.07 f
  mult_181/U1368/Y (OAI21X4)                              0.18       5.25 r
  mult_181/U1433/Y (NAND2X2)                              0.13       5.38 f
  mult_181/U1639/Y (OAI21X4)                              0.11       5.49 r
  mult_181/U1238/Y (INVX8)                                0.09       5.58 f
  mult_181/U1705/Y (NAND2X8)                              0.11       5.69 r
  mult_181/U1720/Y (INVX8)                                0.05       5.74 f
  mult_181/U1670/Y (OAI21X4)                              0.13       5.87 r
  mult_181/U1672/Y (NAND2BX4)                             0.15       6.02 r
  mult_181/U1451/Y (INVX4)                                0.08       6.10 f
  mult_181/U1756/Y (OAI21X4)                              0.18       6.28 r
  mult_181/U1754/Y (AOI21X4)                              0.14       6.42 f
  mult_181/U311/Y (OAI21X4)                               0.18       6.61 r
  mult_181/U282/Y (AOI21X4)                               0.12       6.73 f
  mult_181/U249/Y (OAI21X4)                               0.16       6.89 r
  mult_181/U1762/Y (OAI2BB1X4)                            0.24       7.12 r
  mult_181/U1379/Y (INVX12)                               0.12       7.24 f
  mult_181/U1774/Y (OA21X4)                               0.23       7.47 f
  mult_181/product[39] (geofence_DW_mult_uns_62)          0.00       7.47 f
  u11/din[39] (sqrt40_7)                                  0.00       7.47 f
  u11/U637/Y (BUFX20)                                     0.17       7.64 f
  u11/U369/Y (NAND2X8)                                    0.16       7.81 r
  u11/U389/Y (OAI2BB1X4)                                  0.25       8.06 r
  u11/U307/Y (INVX8)                                      0.10       8.15 f
  u11/U102/Y (OR2X8)                                      0.16       8.31 f
  u11/U207/Y (NAND3X6)                                    0.07       8.39 r
  u11/U888/Y (OAI2BB1X4)                                  0.11       8.49 f
  u11/U504/Y (INVX12)                                     0.12       8.61 r
  u11/U248/Y (CLKXOR2X8)                                  0.29       8.90 r
  u11/U171/Y (INVX12)                                     0.06       8.96 f
  u11/U1332/Y (NAND3BX4)                                  0.10       9.06 r
  u11/U593/Y (NAND4X4)                                    0.12       9.18 f
  u11/U1342/Y (OAI2BB1X4)                                 0.28       9.46 f
  u11/U341/Y (NAND2X8)                                    0.11       9.56 r
  u11/U332/Y (NAND2X8)                                    0.07       9.63 f
  u11/U378/Y (NAND2X8)                                    0.08       9.71 r
  u11/U490/Y (NAND2X8)                                    0.08       9.79 f
  u11/U592/Y (NAND2BX4)                                   0.14       9.93 f
  u11/U1343/Y (AO22X4)                                    0.28      10.21 f
  u11/U124/Y (XOR3X2)                                     0.24      10.45 f
  u11/U1348/Y (AO22X4)                                    0.25      10.70 f
  u11/U1349/Y (AOI32X2)                                   0.24      10.94 r
  u11/U179/Y (NAND2X4)                                    0.15      11.09 f
  u11/U112/Y (AND2X8)                                     0.20      11.29 f
  u11/mult_333_G25/b[1] (sqrt40_7_DW_mult_uns_51)         0.00      11.29 f
  u11/mult_333_G25/U112/Y (INVX20)                        0.08      11.37 r
  u11/mult_333_G25/U147/Y (NOR2X8)                        0.07      11.44 f
  u11/mult_333_G25/U145/Y (NOR2X8)                        0.14      11.59 r
  u11/mult_333_G25/U113/Y (NOR2X6)                        0.07      11.65 f
  u11/mult_333_G25/U157/Y (OAI2BB1X4)                     0.19      11.85 f
  u11/mult_333_G25/U152/Y (INVX12)                        0.10      11.95 r
  u11/mult_333_G25/U18/Y (OAI21X4)                        0.09      12.04 f
  u11/mult_333_G25/U173/Y (XOR2X4)                        0.14      12.18 f
  u11/mult_333_G25/product[10] (sqrt40_7_DW_mult_uns_51)
                                                          0.00      12.18 f
  u11/U514/Y (INVX12)                                     0.08      12.26 r
  u11/U605/Y (AOI2BB1X1)                                  0.30      12.55 r
  u11/U507/Y (OR2X6)                                      0.17      12.72 r
  u11/U319/Y (AND3X8)                                     0.15      12.87 r
  u11/U743/Y (AND2X8)                                     0.18      13.05 r
  u11/mult_333_G26/b[1] (sqrt40_7_DW_mult_uns_52)         0.00      13.05 r
  u11/mult_333_G26/U144/Y (INVX20)                        0.08      13.13 f
  u11/mult_333_G26/U124/Y (NOR2X8)                        0.12      13.25 r
  u11/mult_333_G26/U90/Y (NOR2X8)                         0.09      13.34 f
  u11/mult_333_G26/U87/Y (OAI21X4)                        0.18      13.52 r
  u11/mult_333_G26/U72/Y (AOI21X4)                        0.13      13.65 f
  u11/mult_333_G26/U163/Y (CLKINVX8)                      0.08      13.73 r
  u11/mult_333_G26/U161/Y (INVX16)                        0.07      13.80 f
  u11/mult_333_G26/U190/Y (OAI21X4)                       0.13      13.93 r
  u11/mult_333_G26/U231/Y (XOR2X4)                        0.16      14.09 f
  u11/mult_333_G26/product[12] (sqrt40_7_DW_mult_uns_52)
                                                          0.00      14.09 f
  u11/U1354/Y (AO22X4)                                    0.29      14.38 f
  u11/U115/Y (INVX6)                                      0.09      14.47 r
  u11/U1154/Y (NAND4BX4)                                  0.12      14.58 f
  u11/U173/Y (NAND3X4)                                    0.10      14.69 r
  u11/U1362/Y (AOI31X2)                                   0.09      14.78 f
  u11/U1363/Y (OAI31X2)                                   0.16      14.93 r
  u11/U116/Y (BUFX12)                                     0.19      15.12 r
  u11/mult_333_G27/b[1] (sqrt40_7_DW_mult_uns_50)         0.00      15.12 r
  u11/mult_333_G27/U210/Y (INVX20)                        0.09      15.21 f
  u11/mult_333_G27/U219/Y (NOR2X8)                        0.12      15.33 r
  u11/mult_333_G27/U192/Y (NOR2X8)                        0.08      15.40 f
  u11/mult_333_G27/U282/Y (OAI21X4)                       0.16      15.57 r
  u11/mult_333_G27/U280/Y (OAI2BB1X4)                     0.23      15.80 r
  u11/mult_333_G27/U244/Y (INVX16)                        0.11      15.91 f
  u11/mult_333_G27/U82/Y (OAI21X4)                        0.14      16.04 r
  u11/mult_333_G27/U318/Y (XOR2X4)                        0.16      16.21 f
  u11/mult_333_G27/product[10] (sqrt40_7_DW_mult_uns_50)
                                                          0.00      16.21 f
  u11/U1364/Y (AO22X4)                                    0.30      16.50 f
  u11/U431/Y (NOR3X4)                                     0.15      16.66 r
  u11/U1376/Y (OAI31X2)                                   0.13      16.79 f
  u11/U512/Y (OR2X6)                                      0.21      17.00 f
  u11/U475/Y (NAND3X8)                                    0.16      17.16 r
  u11/mult_333_G28/b[1] (sqrt40_7_DW_mult_uns_48)         0.00      17.16 r
  u11/mult_333_G28/U279/Y (INVX20)                        0.11      17.27 f
  u11/mult_333_G28/U283/Y (NOR2X6)                        0.15      17.42 r
  u11/mult_333_G28/U292/Y (NAND2X4)                       0.16      17.58 f
  u11/mult_333_G28/U281/Y (OAI21X2)                       0.24      17.82 r
  u11/mult_333_G28/U223/Y (AOI21X4)                       0.11      17.93 f
  u11/mult_333_G28/U66/Y (OAI21X4)                        0.11      18.04 r
  u11/mult_333_G28/U220/Y (BUFX20)                        0.16      18.19 r
  u11/mult_333_G28/U256/Y (AOI21X4)                       0.08      18.28 f
  u11/mult_333_G28/U221/Y (XNOR2X4)                       0.18      18.46 r
  u11/mult_333_G28/product[14] (sqrt40_7_DW_mult_uns_48)
                                                          0.00      18.46 r
  u11/U609/Y (INVX8)                                      0.09      18.55 f
  u11/U790/Y (OAI221X2)                                   0.32      18.88 r
  u11/U147/Y (INVX4)                                      0.11      18.99 f
  u11/U1001/Y (OAI211X2)                                  0.23      19.21 r
  u11/U1383/Y (OAI211X2)                                  0.25      19.46 f
  u11/mult_333_G29/b[1] (sqrt40_7_DW_mult_uns_49)         0.00      19.46 f
  u11/mult_333_G29/U257/Y (BUFX16)                        0.19      19.65 f
  u11/mult_333_G29/U338/Y (CLKINVX20)                     0.07      19.73 r
  u11/mult_333_G29/U253/Y (NOR2X6)                        0.08      19.81 f
  u11/mult_333_G29/U332/Y (NOR2X8)                        0.13      19.94 r
  u11/mult_333_G29/U339/Y (NOR2X6)                        0.07      20.02 f
  u11/mult_333_G29/U357/Y (AOI21X4)                       0.22      20.23 r
  u11/mult_333_G29/U264/Y (INVX6)                         0.13      20.36 f
  u11/mult_333_G29/U315/Y (AO21X4)                        0.21      20.57 f
  u11/mult_333_G29/U376/Y (XOR2X4)                        0.14      20.71 f
  u11/mult_333_G29/product[10] (sqrt40_7_DW_mult_uns_49)
                                                          0.00      20.71 f
  u11/U1385/Y (AO22X4)                                    0.29      21.00 f
  u11/U68/Y (CLKINVX6)                                    0.07      21.07 r
  u11/U187/Y (NAND3X4)                                    0.09      21.17 f
  u11/U1386/Y (AOI31X2)                                   0.23      21.40 r
  u11/U56/Y (AOI22X4)                                     0.14      21.54 f
  u11/U55/Y (NAND2X8)                                     0.11      21.65 r
  u11/U54/Y (NAND3X8)                                     0.08      21.72 f
  u11/U385/Y (AND3X8)                                     0.16      21.88 f
  u11/U386/Y (INVX20)                                     0.09      21.97 r
  u11/mult_333_G30/b[1] (sqrt40_7_DW_mult_uns_46)         0.00      21.97 r
  u11/mult_333_G30/U422/Y (CLKINVX20)                     0.10      22.07 f
  u11/mult_333_G30/U387/Y (NOR2X6)                        0.15      22.22 r
  u11/mult_333_G30/U171/Y (NOR2X8)                        0.11      22.33 f
  u11/mult_333_G30/U380/Y (NOR2X4)                        0.22      22.55 r
  u11/mult_333_G30/U379/Y (NAND2X4)                       0.11      22.66 f
  u11/mult_333_G30/U142/Y (OAI21X4)                       0.17      22.83 r
  u11/mult_333_G30/U436/Y (BUFX20)                        0.18      23.01 r
  u11/mult_333_G30/U365/Y (AND2X8)                        0.13      23.14 r
  u11/mult_333_G30/U355/Y (NOR2X6)                        0.05      23.19 f
  u11/mult_333_G30/U448/Y (XOR2X4)                        0.16      23.34 f
  u11/mult_333_G30/product[15] (sqrt40_7_DW_mult_uns_46)
                                                          0.00      23.34 f
  u11/U1018/Y (AO22X4)                                    0.25      23.60 f
  u11/U842/Y (AOI211X2)                                   0.20      23.80 r
  u11/U889/Y (AOI211X2)                                   0.18      23.98 f
  u11/U973/Y (AOI211X2)                                   0.21      24.19 r
  u11/U1160/Y (NAND4BX4)                                  0.21      24.40 r
  u11/U571/Y (CLKBUFX20)                                  0.21      24.61 r
  u11/mult_333_G31/b[1] (sqrt40_7_DW_mult_uns_47)         0.00      24.61 r
  u11/mult_333_G31/U405/Y (CLKINVX20)                     0.10      24.71 f
  u11/mult_333_G31/U430/Y (NOR2X8)                        0.11      24.82 r
  u11/mult_333_G31/U404/Y (NAND2X2)                       0.12      24.94 f
  u11/mult_333_G31/U428/Y (OA21X4)                        0.21      25.15 f
  u11/mult_333_G31/U527/Y (OA21X4)                        0.26      25.41 f
  u11/mult_333_G31/U164/Y (OAI21X4)                       0.16      25.57 r
  u11/mult_333_G31/U474/Y (BUFX20)                        0.18      25.75 r
  u11/mult_333_G31/U54/Y (AOI21X4)                        0.10      25.84 f
  u11/mult_333_G31/U407/Y (XOR2X4)                        0.16      26.00 f
  u11/mult_333_G31/product[20] (sqrt40_7_DW_mult_uns_47)
                                                          0.00      26.00 f
  u11/U67/Y (INVX12)                                      0.08      26.08 r
  u11/U827/Y (AOI2BB1X4)                                  0.16      26.23 r
  u11/U388/Y (OAI221X2)                                   0.15      26.39 f
  u11/U387/Y (BUFX12)                                     0.18      26.57 f
  u11/U253/Y (INVX16)                                     0.05      26.62 r
  u11/U192/Y (NAND3X2)                                    0.12      26.74 f
  u11/U127/Y (OR2X8)                                      0.18      26.92 f
  u11/U130/Y (AND3X8)                                     0.14      27.06 f
  u11/U128/Y (AND4X8)                                     0.17      27.24 f
  u11/U129/Y (INVX20)                                     0.14      27.38 r
  u11/mult_333_G32/b[1] (sqrt40_7_DW_mult_uns_45)         0.00      27.38 r
  u11/mult_333_G32/U415/Y (INVX20)                        0.13      27.51 f
  u11/mult_333_G32/U497/Y (NOR2X6)                        0.15      27.66 r
  u11/mult_333_G32/U523/Y (NAND2X6)                       0.12      27.78 f
  u11/mult_333_G32/U522/Y (OAI21X4)                       0.21      27.99 r
  u11/mult_333_G32/U557/Y (AOI21X4)                       0.11      28.10 f
  u11/mult_333_G32/U188/Y (OAI21X4)                       0.16      28.26 r
  u11/mult_333_G32/U437/Y (BUFX20)                        0.20      28.47 r
  u11/mult_333_G32/U495/Y (AOI21X4)                       0.11      28.57 f
  u11/mult_333_G32/U550/Y (XOR2X4)                        0.15      28.72 f
  u11/mult_333_G32/product[13] (sqrt40_7_DW_mult_uns_45)
                                                          0.00      28.72 f
  u11/U323/Y (CLKAND2X12)                                 0.15      28.87 f
  u11/U860/Y (AOI211X2)                                   0.23      29.10 r
  u11/U243/Y (NAND4X4)                                    0.15      29.25 f
  u11/U981/Y (OAI32X2)                                    0.26      29.52 r
  u11/U1134/Y (OAI211X2)                                  0.19      29.71 f
  u11/U902/Y (AND4X8)                                     0.24      29.95 f
  u11/U1020/Y (CLKINVX20)                                 0.13      30.08 r
  u11/mult_333_G33/b[1] (sqrt40_7_DW_mult_uns_44)         0.00      30.08 r
  u11/mult_333_G33/U633/Y (CLKINVX20)                     0.12      30.20 f
  u11/mult_333_G33/U645/Y (NOR2X6)                        0.13      30.33 r
  u11/mult_333_G33/U502/Y (NOR2X6)                        0.12      30.45 f
  u11/mult_333_G33/U522/Y (NOR2X4)                        0.18      30.62 r
  u11/mult_333_G33/U525/Y (NAND2X4)                       0.10      30.73 f
  u11/mult_333_G33/U225/Y (OAI21X4)                       0.17      30.90 r
  u11/mult_333_G33/U543/Y (BUFX20)                        0.21      31.11 r
  u11/mult_333_G33/U556/Y (AO21X4)                        0.19      31.30 r
  u11/mult_333_G33/U469/Y (XOR2X4)                        0.16      31.46 r
  u11/mult_333_G33/product[18] (sqrt40_7_DW_mult_uns_44)
                                                          0.00      31.46 r
  u11/U521/Y (AND2X8)                                     0.18      31.63 r
  u11/U543/Y (AO21X4)                                     0.13      31.76 r
  u11/U1398/Y (OAI33X2)                                   0.14      31.90 f
  u11/U1399/Y (AOI211X2)                                  0.25      32.15 r
  u11/U556/Y (OA21X4)                                     0.20      32.35 r
  u11/U557/Y (NAND2X6)                                    0.07      32.43 f
  u11/U1336/Y (BUFX20)                                    0.19      32.62 f
  u11/mult_333_G35/a[2] (sqrt40_7_DW_mult_uns_43)         0.00      32.62 f
  u11/mult_333_G35/U721/CO (ADDHX4)                       0.18      32.80 f
  u11/mult_333_G35/U723/CO (ADDHX4)                       0.15      32.95 f
  u11/mult_333_G35/U787/CO (ADDFHX4)                      0.20      33.15 f
  u11/mult_333_G35/U760/CO (ADDFHX4)                      0.19      33.34 f
  u11/mult_333_G35/U425/CO (CMPR42X2)                     0.21      33.55 f
  u11/mult_333_G35/U423/CO (CMPR42X2)                     0.22      33.77 f
  u11/mult_333_G35/U420/CO (CMPR42X2)                     0.22      33.99 f
  u11/mult_333_G35/U417/CO (CMPR42X2)                     0.22      34.21 f
  u11/mult_333_G35/U414/CO (CMPR42X2)                     0.22      34.43 f
  u11/mult_333_G35/U411/CO (CMPR42X2)                     0.22      34.65 f
  u11/mult_333_G35/U407/CO (CMPR42X2)                     0.22      34.87 f
  u11/mult_333_G35/U403/CO (CMPR42X2)                     0.22      35.09 f
  u11/mult_333_G35/U399/CO (CMPR42X2)                     0.22      35.31 f
  u11/mult_333_G35/U602/CO (CMPR42X4)                     0.33      35.64 f
  u11/mult_333_G35/U594/Y (NAND2X8)                       0.11      35.75 r
  u11/mult_333_G35/U586/Y (INVX8)                         0.06      35.82 f
  u11/mult_333_G35/U828/Y (AOI21X4)                       0.13      35.95 r
  u11/mult_333_G35/U827/Y (OAI21X4)                       0.13      36.08 f
  u11/mult_333_G35/U175/Y (AOI21X4)                       0.17      36.25 r
  u11/mult_333_G35/U159/Y (OAI21X4)                       0.13      36.38 f
  u11/mult_333_G35/U141/Y (AOI21X4)                       0.21      36.59 r
  u11/mult_333_G35/U125/Y (OAI21X4)                       0.13      36.72 f
  u11/mult_333_G35/U107/Y (AOI21X4)                       0.21      36.94 r
  u11/mult_333_G35/U91/Y (OAI21X4)                        0.14      37.08 f
  u11/mult_333_G35/U73/Y (AOI21X4)                        0.21      37.29 r
  u11/mult_333_G35/U57/Y (OAI21X4)                        0.14      37.43 f
  u11/mult_333_G35/U39/Y (AOI21X4)                        0.21      37.64 r
  u11/mult_333_G35/U638/Y (OAI21X4)                       0.12      37.76 f
  u11/mult_333_G35/U726/Y (AOI21X4)                       0.14      37.90 r
  u11/mult_333_G35/U722/Y (OAI21X4)                       0.10      38.00 f
  u11/mult_333_G35/U702/Y (AOI2BB1X4)                     0.11      38.12 r
  u11/mult_333_G35/U590/Y (XOR2X4)                        0.21      38.32 r
  u11/mult_333_G35/product[30] (sqrt40_7_DW_mult_uns_43)
                                                          0.00      38.32 r
  u11/U803/Y (AO22X4)                                     0.26      38.58 r
  u11/U1433/Y (OAI32X2)                                   0.14      38.72 f
  u11/U1434/Y (AOI221X2)                                  0.22      38.94 r
  u11/U1435/Y (OAI211X2)                                  0.22      39.16 f
  u11/U872/Y (BUFX20)                                     0.22      39.38 f
  u11/mult_333_G36/b[1] (sqrt40_7_DW_mult_uns_41)         0.00      39.38 f
  u11/mult_333_G36/U681/Y (CLKINVX20)                     0.11      39.49 r
  u11/mult_333_G36/U752/Y (NOR2X4)                        0.10      39.59 f
  u11/mult_333_G36/U625/Y (NOR2X6)                        0.20      39.79 r
  u11/mult_333_G36/U599/Y (NOR2X6)                        0.12      39.91 f
  u11/mult_333_G36/U257/Y (AOI21X4)                       0.27      40.18 r
  u11/mult_333_G36/U694/Y (OAI21X4)                       0.13      40.31 f
  u11/mult_333_G36/U203/Y (AOI21X4)                       0.15      40.46 r
  u11/mult_333_G36/U721/Y (BUFX20)                        0.21      40.67 r
  u11/mult_333_G36/U670/Y (NOR2X6)                        0.08      40.75 f
  u11/mult_333_G36/U612/Y (NOR2X6)                        0.08      40.83 r
  u11/mult_333_G36/U771/Y (XNOR2X4)                       0.14      40.98 r
  u11/mult_333_G36/product[23] (sqrt40_7_DW_mult_uns_41)
                                                          0.00      40.98 r
  u11/U654/Y (AND2X8)                                     0.16      41.14 r
  u11/U1444/Y (AO21X4)                                    0.18      41.32 r
  u11/U162/Y (NOR2X8)                                     0.08      41.40 f
  u11/U1451/Y (AOI32X2)                                   0.26      41.66 r
  u11/U1452/Y (OAI211X2)                                  0.18      41.83 f
  u11/U373/Y (NAND3BX2)                                   0.15      41.98 r
  u11/U1330/Y (OAI221X4)                                  0.35      42.33 f
  u11/U422/Y (CLKINVX12)                                  0.07      42.40 r
  u11/U46/Y (INVX20)                                      0.04      42.44 f
  u11/mult_333_G38/a[2] (sqrt40_7_DW_mult_uns_39)         0.00      42.44 f
  u11/mult_333_G38/U1021/CO (ADDHXL)                      0.27      42.71 f
  u11/mult_333_G38/U931/CO (ADDHX2)                       0.25      42.96 f
  u11/mult_333_G38/U930/CO (ADDFHX4)                      0.21      43.17 f
  u11/mult_333_G38/U929/CO (ADDFHX4)                      0.19      43.36 f
  u11/mult_333_G38/U517/CO (CMPR42X2)                     0.21      43.57 f
  u11/mult_333_G38/U515/CO (CMPR42X2)                     0.22      43.79 f
  u11/mult_333_G38/U512/CO (CMPR42X2)                     0.22      44.01 f
  u11/mult_333_G38/U509/CO (CMPR42X2)                     0.22      44.23 f
  u11/mult_333_G38/U506/CO (CMPR42X2)                     0.22      44.45 f
  u11/mult_333_G38/U503/CO (CMPR42X2)                     0.22      44.67 f
  u11/mult_333_G38/U499/CO (CMPR42X2)                     0.22      44.89 f
  u11/mult_333_G38/U495/CO (CMPR42X2)                     0.22      45.11 f
  u11/mult_333_G38/U491/CO (CMPR42X2)                     0.22      45.33 f
  u11/mult_333_G38/U487/CO (CMPR42X2)                     0.22      45.55 f
  u11/mult_333_G38/U482/CO (CMPR42X2)                     0.22      45.77 f
  u11/mult_333_G38/U477/CO (CMPR42X2)                     0.22      45.99 f
  u11/mult_333_G38/U881/CO (CMPR42X2)                     0.29      46.29 f
  u11/mult_333_G38/U938/Y (OR2X8)                         0.22      46.51 f
  u11/mult_333_G38/U937/Y (NAND2X6)                       0.12      46.63 r
  u11/mult_333_G38/U980/Y (NOR2X6)                        0.12      46.75 f
  u11/mult_333_G38/U969/Y (NAND2X6)                       0.10      46.85 r
  u11/mult_333_G38/U884/Y (INVX8)                         0.07      46.92 f
  u11/mult_333_G38/U883/Y (NAND2X8)                       0.11      47.03 r
  u11/mult_333_G38/U976/Y (NOR2X4)                        0.08      47.11 f
  u11/mult_333_G38/U1047/Y (INVXL)                        0.27      47.38 r
  u11/mult_333_G38/U831/Y (OR2X4)                         0.23      47.61 r
  u11/mult_333_G38/U832/Y (NAND2X6)                       0.06      47.68 f
  u11/mult_333_G38/U845/Y (XOR2X4)                        0.13      47.80 f
  u11/mult_333_G38/product[31] (sqrt40_7_DW_mult_uns_39)
                                                          0.00      47.80 f
  u11/U1289/Y (INVXL)                                     0.30      48.10 r
  u11/U1468/Y (NAND2X2)                                   0.20      48.29 f
  u11/U1477/Y (OAI211X2)                                  0.15      48.45 r
  u11/U721/Y (NAND4BX4)                                   0.20      48.65 r
  u11/U672/Y (AOI2BB1X4)                                  0.08      48.73 f
  u11/U1480/Y (AOI32X2)                                   0.20      48.93 r
  u11/U1485/Y (AOI32X2)                                   0.20      49.13 f
  u11/U152/Y (OAI221X2)                                   0.22      49.35 r
  u11/U105/Y (BUFX20)                                     0.21      49.55 r
  u11/mult_333_G39/b[1] (sqrt40_7_DW_mult_uns_38)         0.00      49.55 r
  u11/mult_333_G39/U809/Y (INVX20)                        0.07      49.62 f
  u11/mult_333_G39/U818/Y (INVX12)                        0.06      49.68 r
  u11/mult_333_G39/U996/Y (INVX20)                        0.06      49.73 f
  u11/mult_333_G39/U985/Y (NOR2X8)                        0.12      49.86 r
  u11/mult_333_G39/U919/Y (NAND2X8)                       0.13      49.98 f
  u11/mult_333_G39/U1082/Y (OAI21X4)                      0.16      50.15 r
  u11/mult_333_G39/U447/Y (AOI21X4)                       0.12      50.26 f
  u11/mult_333_G39/U406/Y (OAI21X4)                       0.22      50.48 r
  u11/mult_333_G39/U912/Y (INVX16)                        0.12      50.61 f
  u11/mult_333_G39/U1005/Y (OA21X4)                       0.22      50.83 f
  u11/mult_333_G39/U1098/Y (XOR2X4)                       0.14      50.97 f
  u11/mult_333_G39/product[15] (sqrt40_7_DW_mult_uns_38)
                                                          0.00      50.97 f
  u11/U525/Y (NAND2X6)                                    0.12      51.09 r
  u11/U229/Y (OAI221X2)                                   0.16      51.25 f
  u11/U967/Y (AOI31X2)                                    0.23      51.47 r
  u11/U909/Y (AOI33X2)                                    0.22      51.69 f
  u11/U942/Y (AOI211X2)                                   0.27      51.96 r
  u11/U618/Y (OR2X8)                                      0.17      52.13 r
  u11/U633/Y (NAND3X6)                                    0.08      52.21 f
  u11/U636/Y (NAND4BX4)                                   0.10      52.31 r
  u11/dout_reg[0]/D (DFFRHQX4)                            0.00      52.31 r
  data arrival time                                                 52.31

  clock clk (rise edge)                                  50.00      50.00
  clock network delay (ideal)                             0.50      50.50
  clock uncertainty                                      -0.10      50.40
  u11/dout_reg[0]/CK (DFFRHQX4)                           0.00      50.40 r
  library setup time                                     -0.14      50.26
  data required time                                                50.26
  --------------------------------------------------------------------------
  data required time                                                50.26
  data arrival time                                                -52.31
  --------------------------------------------------------------------------
  slack (VIOLATED)                                                  -2.05


1
