Vivado Simulator 2019.1
Time resolution is 1 ps
--------------------------- Simulation Pattern is ready !!---------------------------
--------------------------- [ testfuxture1.v ] Simulation START !!---------------------------
--------------------------- Simulation at parallel data input stage !!---------------------------
--------------------------- Simulation at serial data output and result verify !! ---------------------------
---------- ERROR at pattern No.          51,  REAL OUTPUT : so_data = 1,  EXPECTED OUTPUT so_data = 0

---------- ERROR at pattern No.          52,  REAL OUTPUT : so_data = 0,  EXPECTED OUTPUT so_data = 1

---------- ERROR at pattern No.          55,  REAL OUTPUT : so_data = 1,  EXPECTED OUTPUT so_data = 0

---------- ERROR at pattern No.          57,  REAL OUTPUT : so_data = 0,  EXPECTED OUTPUT so_data = 1

---------- ERROR at pattern No.          59,  REAL OUTPUT : so_data = 1,  EXPECTED OUTPUT so_data = 0

---------- ERROR at pattern No.          61,  REAL OUTPUT : so_data = 0,  EXPECTED OUTPUT so_data = 1

---------- ERROR at pattern No.          62,  REAL OUTPUT : so_data = 1,  EXPECTED OUTPUT so_data = 0

---------- ERROR at pattern No.          63,  REAL OUTPUT : so_data = 0,  EXPECTED OUTPUT so_data = 1

---------- ERROR at pattern No.          64,  REAL OUTPUT : so_data = 1,  EXPECTED OUTPUT so_data = 0

---------- ERROR at pattern No.          66,  REAL OUTPUT : so_data = 0,  EXPECTED OUTPUT so_data = 1

---------- ERROR at pattern No.          68,  REAL OUTPUT : so_data = 1,  EXPECTED OUTPUT so_data = 0

---------- ERROR at pattern No.          69,  REAL OUTPUT : so_data = 0,  EXPECTED OUTPUT so_data = 1

---------- ERROR at pattern No.          70,  REAL OUTPUT : so_data = 1,  EXPECTED OUTPUT so_data = 0

---------- ERROR at pattern No.          74,  REAL OUTPUT : so_data = 0,  EXPECTED OUTPUT so_data = 1

---------- ERROR at pattern No.          75,  REAL OUTPUT : so_data = 1,  EXPECTED OUTPUT so_data = 0

---------- ERROR at pattern No.          77,  REAL OUTPUT : so_data = 0,  EXPECTED OUTPUT so_data = 1

---------- ERROR at pattern No.         100,  REAL OUTPUT : so_data = 1,  EXPECTED OUTPUT so_data = 0

---------- ERROR at pattern No.         101,  REAL OUTPUT : so_data = 0,  EXPECTED OUTPUT so_data = 1

---------- ERROR at pattern No.         117,  REAL OUTPUT : so_data = 1,  EXPECTED OUTPUT so_data = 0

---------- ERROR at pattern No.         118,  REAL OUTPUT : so_data = 1,  EXPECTED OUTPUT so_data = 0

---------- ERROR at pattern No.         119,  REAL OUTPUT : so_data = 0,  EXPECTED OUTPUT so_data = 1

---------- ERROR at pattern No.         120,  REAL OUTPUT : so_data = 0,  EXPECTED OUTPUT so_data = 1

---------- ERROR at pattern No.         122,  REAL OUTPUT : so_data = 1,  EXPECTED OUTPUT so_data = 0

---------- ERROR at pattern No.         123,  REAL OUTPUT : so_data = 1,  EXPECTED OUTPUT so_data = 0

---------- ERROR at pattern No.         126,  REAL OUTPUT : so_data = 0,  EXPECTED OUTPUT so_data = 1

---------- ERROR at pattern No.         127,  REAL OUTPUT : so_data = 0,  EXPECTED OUTPUT so_data = 1

---------- ERROR at pattern No.         128,  REAL OUTPUT : so_data = 1,  EXPECTED OUTPUT so_data = 0

---------- ERROR at pattern No.         129,  REAL OUTPUT : so_data = 1,  EXPECTED OUTPUT so_data = 0

---------- ERROR at pattern No.         132,  REAL OUTPUT : so_data = 0,  EXPECTED OUTPUT so_data = 1

---------- ERROR at pattern No.         133,  REAL OUTPUT : so_data = 0,  EXPECTED OUTPUT so_data = 1

---------- ERROR at pattern No.         142,  REAL OUTPUT : so_data = 1,  EXPECTED OUTPUT so_data = 0

---------- ERROR at pattern No.         143,  REAL OUTPUT : so_data = 1,  EXPECTED OUTPUT so_data = 0

---------- ERROR at pattern No.         145,  REAL OUTPUT : so_data = 0,  EXPECTED OUTPUT so_data = 1

---------- ERROR at pattern No.         146,  REAL OUTPUT : so_data = 0,  EXPECTED OUTPUT so_data = 1

---------- ERROR at pattern No.         168,  REAL OUTPUT : so_data = 1,  EXPECTED OUTPUT so_data = 0

---------- ERROR at pattern No.         174,  REAL OUTPUT : so_data = 1,  EXPECTED OUTPUT so_data = 0

---------- ERROR at pattern No.         177,  REAL OUTPUT : so_data = 1,  EXPECTED OUTPUT so_data = 0

---------- ERROR at pattern No.         178,  REAL OUTPUT : so_data = 0,  EXPECTED OUTPUT so_data = 1

---------- ERROR at pattern No.         179,  REAL OUTPUT : so_data = 1,  EXPECTED OUTPUT so_data = 0

---------- ERROR at pattern No.         180,  REAL OUTPUT : so_data = 0,  EXPECTED OUTPUT so_data = 1

---------- ERROR at pattern No.         181,  REAL OUTPUT : so_data = 0,  EXPECTED OUTPUT so_data = 1

---------- ERROR at pattern No.         183,  REAL OUTPUT : so_data = 0,  EXPECTED OUTPUT so_data = 1

---------- ERROR at pattern No.         188,  REAL OUTPUT : so_data = 1,  EXPECTED OUTPUT so_data = 0

---------- ERROR at pattern No.         189,  REAL OUTPUT : so_data = 1,  EXPECTED OUTPUT so_data = 0

---------- ERROR at pattern No.         190,  REAL OUTPUT : so_data = 1,  EXPECTED OUTPUT so_data = 0

---------- ERROR at pattern No.         191,  REAL OUTPUT : so_data = 1,  EXPECTED OUTPUT so_data = 0

---------- ERROR at pattern No.         192,  REAL OUTPUT : so_data = 0,  EXPECTED OUTPUT so_data = 1

---------- ERROR at pattern No.         194,  REAL OUTPUT : so_data = 0,  EXPECTED OUTPUT so_data = 1

---------- ERROR at pattern No.         196,  REAL OUTPUT : so_data = 1,  EXPECTED OUTPUT so_data = 0

---------- ERROR at pattern No.         203,  REAL OUTPUT : so_data = 0,  EXPECTED OUTPUT so_data = 1

---------- ERROR at pattern No.         204,  REAL OUTPUT : so_data = 0,  EXPECTED OUTPUT so_data = 1

---------- ERROR at pattern No.         205,  REAL OUTPUT : so_data = 0,  EXPECTED OUTPUT so_data = 1

---------- ERROR at pattern No.         251,  REAL OUTPUT : so_data = 1,  EXPECTED OUTPUT so_data = 0

---------- ERROR at pattern No.         254,  REAL OUTPUT : so_data = 1,  EXPECTED OUTPUT so_data = 0

---------- ERROR at pattern No.         256,  REAL OUTPUT : so_data = 1,  EXPECTED OUTPUT so_data = 0

---------- ERROR at pattern No.         257,  REAL OUTPUT : so_data = 0,  EXPECTED OUTPUT so_data = 1

---------- ERROR at pattern No.         261,  REAL OUTPUT : so_data = 1,  EXPECTED OUTPUT so_data = 0

---------- ERROR at pattern No.         262,  REAL OUTPUT : so_data = 0,  EXPECTED OUTPUT so_data = 1

---------- ERROR at pattern No.         263,  REAL OUTPUT : so_data = 1,  EXPECTED OUTPUT so_data = 0

---------- ERROR at pattern No.         267,  REAL OUTPUT : so_data = 0,  EXPECTED OUTPUT so_data = 1

---------- ERROR at pattern No.         270,  REAL OUTPUT : so_data = 1,  EXPECTED OUTPUT so_data = 0

---------- ERROR at pattern No.         271,  REAL OUTPUT : so_data = 1,  EXPECTED OUTPUT so_data = 0

---------- ERROR at pattern No.         275,  REAL OUTPUT : so_data = 0,  EXPECTED OUTPUT so_data = 1

---------- ERROR at pattern No.         276,  REAL OUTPUT : so_data = 0,  EXPECTED OUTPUT so_data = 1

---------- ERROR at pattern No.         277,  REAL OUTPUT : so_data = 0,  EXPECTED OUTPUT so_data = 1

---------- ERROR at pattern No.         278,  REAL OUTPUT : so_data = 0,  EXPECTED OUTPUT so_data = 1

---------- ERROR at pattern No.         283,  REAL OUTPUT : so_data = 1,  EXPECTED OUTPUT so_data = 0

---------- ERROR at pattern No.         287,  REAL OUTPUT : so_data = 1,  EXPECTED OUTPUT so_data = 0

---------- ERROR at pattern No.         288,  REAL OUTPUT : so_data = 1,  EXPECTED OUTPUT so_data = 0

---------- ERROR at pattern No.         289,  REAL OUTPUT : so_data = 0,  EXPECTED OUTPUT so_data = 1

---------- ERROR at pattern No.         293,  REAL OUTPUT : so_data = 0,  EXPECTED OUTPUT so_data = 1

---------- ERROR at pattern No.         294,  REAL OUTPUT : so_data = 0,  EXPECTED OUTPUT so_data = 1

---------- ERROR at pattern No.         295,  REAL OUTPUT : so_data = 1,  EXPECTED OUTPUT so_data = 0

---------- ERROR at pattern No.         298,  REAL OUTPUT : so_data = 1,  EXPECTED OUTPUT so_data = 0

---------- ERROR at pattern No.         299,  REAL OUTPUT : so_data = 1,  EXPECTED OUTPUT so_data = 0

---------- ERROR at pattern No.         300,  REAL OUTPUT : so_data = 1,  EXPECTED OUTPUT so_data = 0

---------- ERROR at pattern No.         301,  REAL OUTPUT : so_data = 0,  EXPECTED OUTPUT so_data = 1

---------- ERROR at pattern No.         303,  REAL OUTPUT : so_data = 1,  EXPECTED OUTPUT so_data = 0

---------- ERROR at pattern No.         305,  REAL OUTPUT : so_data = 0,  EXPECTED OUTPUT so_data = 1

---------- ERROR at pattern No.         306,  REAL OUTPUT : so_data = 0,  EXPECTED OUTPUT so_data = 1

---------- ERROR at pattern No.         307,  REAL OUTPUT : so_data = 0,  EXPECTED OUTPUT so_data = 1

---------- ERROR at pattern No.         308,  REAL OUTPUT : so_data = 1,  EXPECTED OUTPUT so_data = 0

---------- ERROR at pattern No.         311,  REAL OUTPUT : so_data = 1,  EXPECTED OUTPUT so_data = 0

---------- ERROR at pattern No.         313,  REAL OUTPUT : so_data = 1,  EXPECTED OUTPUT so_data = 0

---------- ERROR at pattern No.         314,  REAL OUTPUT : so_data = 1,  EXPECTED OUTPUT so_data = 0

---------- ERROR at pattern No.         317,  REAL OUTPUT : so_data = 0,  EXPECTED OUTPUT so_data = 1

---------- ERROR at pattern No.         319,  REAL OUTPUT : so_data = 1,  EXPECTED OUTPUT so_data = 0

---------- ERROR at pattern No.         320,  REAL OUTPUT : so_data = 0,  EXPECTED OUTPUT so_data = 1

---------- ERROR at pattern No.         321,  REAL OUTPUT : so_data = 0,  EXPECTED OUTPUT so_data = 1

---------- ERROR at pattern No.         322,  REAL OUTPUT : so_data = 0,  EXPECTED OUTPUT so_data = 1

---------- ERROR at pattern No.         325,  REAL OUTPUT : so_data = 0,  EXPECTED OUTPUT so_data = 1

---------- ERROR at pattern No.         326,  REAL OUTPUT : so_data = 0,  EXPECTED OUTPUT so_data = 1

---------- ERROR at pattern No.         331,  REAL OUTPUT : so_data = 1,  EXPECTED OUTPUT so_data = 0

---------- ERROR at pattern No.         333,  REAL OUTPUT : so_data = 1,  EXPECTED OUTPUT so_data = 0

---------- ERROR at pattern No.         334,  REAL OUTPUT : so_data = 1,  EXPECTED OUTPUT so_data = 0

---------- ERROR at pattern No.         335,  REAL OUTPUT : so_data = 1,  EXPECTED OUTPUT so_data = 0

---------- ERROR at pattern No.         337,  REAL OUTPUT : so_data = 1,  EXPECTED OUTPUT so_data = 0

---------- ERROR at pattern No.         339,  REAL OUTPUT : so_data = 1,  EXPECTED OUTPUT so_data = 0

---------- ERROR at pattern No.         340,  REAL OUTPUT : so_data = 0,  EXPECTED OUTPUT so_data = 1

---------- ERROR at pattern No.         341,  REAL OUTPUT : so_data = 0,  EXPECTED OUTPUT so_data = 1

---------- ERROR at pattern No.         343,  REAL OUTPUT : so_data = 1,  EXPECTED OUTPUT so_data = 0

---------- ERROR at pattern No.         350,  REAL OUTPUT : so_data = 0,  EXPECTED OUTPUT so_data = 1

---------- ERROR at pattern No.         351,  REAL OUTPUT : so_data = 0,  EXPECTED OUTPUT so_data = 1

---------- ERROR at pattern No.         353,  REAL OUTPUT : so_data = 0,  EXPECTED OUTPUT so_data = 1

---------- ERROR at pattern No.         354,  REAL OUTPUT : so_data = 0,  EXPECTED OUTPUT so_data = 1

---------- ERROR at pattern No.         355,  REAL OUTPUT : so_data = 0,  EXPECTED OUTPUT so_data = 1

---------- ERROR at pattern No.         369,  REAL OUTPUT : so_data = 1,  EXPECTED OUTPUT so_data = 0

---------- ERROR at pattern No.         372,  REAL OUTPUT : so_data = 1,  EXPECTED OUTPUT so_data = 0

---------- ERROR at pattern No.         373,  REAL OUTPUT : so_data = 1,  EXPECTED OUTPUT so_data = 0

---------- ERROR at pattern No.         374,  REAL OUTPUT : so_data = 1,  EXPECTED OUTPUT so_data = 0

---------- ERROR at pattern No.         376,  REAL OUTPUT : so_data = 1,  EXPECTED OUTPUT so_data = 0

---------- ERROR at pattern No.         377,  REAL OUTPUT : so_data = 0,  EXPECTED OUTPUT so_data = 1

---------- ERROR at pattern No.         380,  REAL OUTPUT : so_data = 0,  EXPECTED OUTPUT so_data = 1

---------- ERROR at pattern No.         384,  REAL OUTPUT : so_data = 0,  EXPECTED OUTPUT so_data = 1

---------- ERROR at pattern No.         389,  REAL OUTPUT : so_data = 0,  EXPECTED OUTPUT so_data = 1

---------- ERROR at pattern No.         390,  REAL OUTPUT : so_data = 0,  EXPECTED OUTPUT so_data = 1

---------- ERROR at pattern No.         400,  REAL OUTPUT : so_data = 1,  EXPECTED OUTPUT so_data = 0

---------- ERROR at pattern No.         401,  REAL OUTPUT : so_data = 1,  EXPECTED OUTPUT so_data = 0

---------- ERROR at pattern No.         403,  REAL OUTPUT : so_data = 1,  EXPECTED OUTPUT so_data = 0

---------- ERROR at pattern No.         405,  REAL OUTPUT : so_data = 1,  EXPECTED OUTPUT so_data = 0

---------- ERROR at pattern No.         406,  REAL OUTPUT : so_data = 1,  EXPECTED OUTPUT so_data = 0

---------- ERROR at pattern No.         410,  REAL OUTPUT : so_data = 0,  EXPECTED OUTPUT so_data = 1

---------- ERROR at pattern No.         412,  REAL OUTPUT : so_data = 0,  EXPECTED OUTPUT so_data = 1

---------- ERROR at pattern No.         414,  REAL OUTPUT : so_data = 0,  EXPECTED OUTPUT so_data = 1

---------- ERROR at pattern No.         415,  REAL OUTPUT : so_data = 0,  EXPECTED OUTPUT so_data = 1

---------- ERROR at pattern No.         416,  REAL OUTPUT : so_data = 1,  EXPECTED OUTPUT so_data = 0

---------- ERROR at pattern No.         417,  REAL OUTPUT : so_data = 1,  EXPECTED OUTPUT so_data = 0

---------- ERROR at pattern No.         418,  REAL OUTPUT : so_data = 0,  EXPECTED OUTPUT so_data = 1

---------- ERROR at pattern No.         420,  REAL OUTPUT : so_data = 1,  EXPECTED OUTPUT so_data = 0

---------- ERROR at pattern No.         421,  REAL OUTPUT : so_data = 1,  EXPECTED OUTPUT so_data = 0

---------- ERROR at pattern No.         423,  REAL OUTPUT : so_data = 1,  EXPECTED OUTPUT so_data = 0

---------- ERROR at pattern No.         424,  REAL OUTPUT : so_data = 1,  EXPECTED OUTPUT so_data = 0

---------- ERROR at pattern No.         428,  REAL OUTPUT : so_data = 1,  EXPECTED OUTPUT so_data = 0

---------- ERROR at pattern No.         430,  REAL OUTPUT : so_data = 0,  EXPECTED OUTPUT so_data = 1

---------- ERROR at pattern No.         432,  REAL OUTPUT : so_data = 0,  EXPECTED OUTPUT so_data = 1

---------- ERROR at pattern No.         433,  REAL OUTPUT : so_data = 0,  EXPECTED OUTPUT so_data = 1

---------- ERROR at pattern No.         434,  REAL OUTPUT : so_data = 0,  EXPECTED OUTPUT so_data = 1

---------- ERROR at pattern No.         435,  REAL OUTPUT : so_data = 0,  EXPECTED OUTPUT so_data = 1

---------- ERROR at pattern No.         437,  REAL OUTPUT : so_data = 0,  EXPECTED OUTPUT so_data = 1

---------- ERROR at pattern No.         438,  REAL OUTPUT : so_data = 0,  EXPECTED OUTPUT so_data = 1

---------- ERROR at pattern No.         449,  REAL OUTPUT : so_data = 1,  EXPECTED OUTPUT so_data = 0

---------- ERROR at pattern No.         452,  REAL OUTPUT : so_data = 1,  EXPECTED OUTPUT so_data = 0

---------- ERROR at pattern No.         453,  REAL OUTPUT : so_data = 1,  EXPECTED OUTPUT so_data = 0

---------- ERROR at pattern No.         458,  REAL OUTPUT : so_data = 0,  EXPECTED OUTPUT so_data = 1

---------- ERROR at pattern No.         460,  REAL OUTPUT : so_data = 1,  EXPECTED OUTPUT so_data = 0

---------- ERROR at pattern No.         461,  REAL OUTPUT : so_data = 0,  EXPECTED OUTPUT so_data = 1

---------- ERROR at pattern No.         462,  REAL OUTPUT : so_data = 0,  EXPECTED OUTPUT so_data = 1

---------- ERROR at pattern No.         464,  REAL OUTPUT : so_data = 1,  EXPECTED OUTPUT so_data = 0

---------- ERROR at pattern No.         465,  REAL OUTPUT : so_data = 1,  EXPECTED OUTPUT so_data = 0

---------- ERROR at pattern No.         467,  REAL OUTPUT : so_data = 1,  EXPECTED OUTPUT so_data = 0

---------- ERROR at pattern No.         468,  REAL OUTPUT : so_data = 1,  EXPECTED OUTPUT so_data = 0

---------- ERROR at pattern No.         472,  REAL OUTPUT : so_data = 1,  EXPECTED OUTPUT so_data = 0

---------- ERROR at pattern No.         478,  REAL OUTPUT : so_data = 0,  EXPECTED OUTPUT so_data = 1

---------- ERROR at pattern No.         479,  REAL OUTPUT : so_data = 1,  EXPECTED OUTPUT so_data = 0

---------- ERROR at pattern No.         481,  REAL OUTPUT : so_data = 0,  EXPECTED OUTPUT so_data = 1

---------- ERROR at pattern No.         483,  REAL OUTPUT : so_data = 0,  EXPECTED OUTPUT so_data = 1

---------- ERROR at pattern No.         484,  REAL OUTPUT : so_data = 1,  EXPECTED OUTPUT so_data = 0

---------- ERROR at pattern No.         486,  REAL OUTPUT : so_data = 0,  EXPECTED OUTPUT so_data = 1

---------- ERROR at pattern No.         487,  REAL OUTPUT : so_data = 1,  EXPECTED OUTPUT so_data = 0

---------- ERROR at pattern No.         490,  REAL OUTPUT : so_data = 1,  EXPECTED OUTPUT so_data = 0

---------- ERROR at pattern No.         491,  REAL OUTPUT : so_data = 0,  EXPECTED OUTPUT so_data = 1

---------- ERROR at pattern No.         494,  REAL OUTPUT : so_data = 0,  EXPECTED OUTPUT so_data = 1

---------- ERROR at pattern No.         495,  REAL OUTPUT : so_data = 1,  EXPECTED OUTPUT so_data = 0

---------- ERROR at pattern No.         496,  REAL OUTPUT : so_data = 1,  EXPECTED OUTPUT so_data = 0

---------- ERROR at pattern No.         498,  REAL OUTPUT : so_data = 0,  EXPECTED OUTPUT so_data = 1

---------- ERROR at pattern No.         499,  REAL OUTPUT : so_data = 1,  EXPECTED OUTPUT so_data = 0

---------- ERROR at pattern No.         500,  REAL OUTPUT : so_data = 0,  EXPECTED OUTPUT so_data = 1

---------- ERROR at pattern No.         503,  REAL OUTPUT : so_data = 0,  EXPECTED OUTPUT so_data = 1

---------- ERROR at pattern No.         504,  REAL OUTPUT : so_data = 1,  EXPECTED OUTPUT so_data = 0

---------- ERROR at pattern No.         506,  REAL OUTPUT : so_data = 0,  EXPECTED OUTPUT so_data = 1

---------- ERROR at pattern No.         509,  REAL OUTPUT : so_data = 0,  EXPECTED OUTPUT so_data = 1

---------- ERROR at pattern No.         510,  REAL OUTPUT : so_data = 1,  EXPECTED OUTPUT so_data = 0

---------- ERROR at pattern No.         513,  REAL OUTPUT : so_data = 1,  EXPECTED OUTPUT so_data = 0

---------- ERROR at pattern No.         516,  REAL OUTPUT : so_data = 1,  EXPECTED OUTPUT so_data = 0

---------- ERROR at pattern No.         517,  REAL OUTPUT : so_data = 0,  EXPECTED OUTPUT so_data = 1

---------- ERROR at pattern No.         520,  REAL OUTPUT : so_data = 0,  EXPECTED OUTPUT so_data = 1

---------- ERROR at pattern No.         523,  REAL OUTPUT : so_data = 0,  EXPECTED OUTPUT so_data = 1

---------- ERROR at pattern No.         524,  REAL OUTPUT : so_data = 0,  EXPECTED OUTPUT so_data = 1

---------- ERROR at pattern No.         525,  REAL OUTPUT : so_data = 0,  EXPECTED OUTPUT so_data = 1

---------- ERROR at pattern No.         526,  REAL OUTPUT : so_data = 0,  EXPECTED OUTPUT so_data = 1

---------- ERROR at pattern No.         529,  REAL OUTPUT : so_data = 1,  EXPECTED OUTPUT so_data = 0

---------- ERROR at pattern No.         531,  REAL OUTPUT : so_data = 1,  EXPECTED OUTPUT so_data = 0

---------- ERROR at pattern No.         533,  REAL OUTPUT : so_data = 1,  EXPECTED OUTPUT so_data = 0

---------- ERROR at pattern No.         535,  REAL OUTPUT : so_data = 1,  EXPECTED OUTPUT so_data = 0

---------- ERROR at pattern No.         537,  REAL OUTPUT : so_data = 1,  EXPECTED OUTPUT so_data = 0

---------- ERROR at pattern No.         538,  REAL OUTPUT : so_data = 1,  EXPECTED OUTPUT so_data = 0

---------- ERROR at pattern No.         539,  REAL OUTPUT : so_data = 1,  EXPECTED OUTPUT so_data = 0

---------- ERROR at pattern No.         540,  REAL OUTPUT : so_data = 0,  EXPECTED OUTPUT so_data = 1

---------- ERROR at pattern No.         542,  REAL OUTPUT : so_data = 0,  EXPECTED OUTPUT so_data = 1

---------- ERROR at pattern No.         544,  REAL OUTPUT : so_data = 0,  EXPECTED OUTPUT so_data = 1

---------- ERROR at pattern No.         546,  REAL OUTPUT : so_data = 0,  EXPECTED OUTPUT so_data = 1

---------- ERROR at pattern No.         548,  REAL OUTPUT : so_data = 0,  EXPECTED OUTPUT so_data = 1

---------- ERROR at pattern No.         553,  REAL OUTPUT : so_data = 1,  EXPECTED OUTPUT so_data = 0

---------- ERROR at pattern No.         554,  REAL OUTPUT : so_data = 1,  EXPECTED OUTPUT so_data = 0

---------- ERROR at pattern No.         555,  REAL OUTPUT : so_data = 1,  EXPECTED OUTPUT so_data = 0

---------- ERROR at pattern No.         557,  REAL OUTPUT : so_data = 1,  EXPECTED OUTPUT so_data = 0

---------- ERROR at pattern No.         558,  REAL OUTPUT : so_data = 1,  EXPECTED OUTPUT so_data = 0

---------- ERROR at pattern No.         560,  REAL OUTPUT : so_data = 1,  EXPECTED OUTPUT so_data = 0

---------- ERROR at pattern No.         561,  REAL OUTPUT : so_data = 0,  EXPECTED OUTPUT so_data = 1

---------- ERROR at pattern No.         562,  REAL OUTPUT : so_data = 0,  EXPECTED OUTPUT so_data = 1

---------- ERROR at pattern No.         565,  REAL OUTPUT : so_data = 0,  EXPECTED OUTPUT so_data = 1

---------- ERROR at pattern No.         567,  REAL OUTPUT : so_data = 0,  EXPECTED OUTPUT so_data = 1

---------- ERROR at pattern No.         568,  REAL OUTPUT : so_data = 1,  EXPECTED OUTPUT so_data = 0

---------- ERROR at pattern No.         572,  REAL OUTPUT : so_data = 0,  EXPECTED OUTPUT so_data = 1

---------- ERROR at pattern No.         573,  REAL OUTPUT : so_data = 1,  EXPECTED OUTPUT so_data = 0

---------- ERROR at pattern No.         578,  REAL OUTPUT : so_data = 0,  EXPECTED OUTPUT so_data = 1

---------- ERROR at pattern No.         579,  REAL OUTPUT : so_data = 1,  EXPECTED OUTPUT so_data = 0

---------- ERROR at pattern No.         584,  REAL OUTPUT : so_data = 1,  EXPECTED OUTPUT so_data = 0

---------- ERROR at pattern No.         585,  REAL OUTPUT : so_data = 1,  EXPECTED OUTPUT so_data = 0

---------- ERROR at pattern No.         586,  REAL OUTPUT : so_data = 0,  EXPECTED OUTPUT so_data = 1

---------- ERROR at pattern No.         587,  REAL OUTPUT : so_data = 1,  EXPECTED OUTPUT so_data = 0

---------- ERROR at pattern No.         591,  REAL OUTPUT : so_data = 1,  EXPECTED OUTPUT so_data = 0

---------- ERROR at pattern No.         592,  REAL OUTPUT : so_data = 0,  EXPECTED OUTPUT so_data = 1

---------- ERROR at pattern No.         601,  REAL OUTPUT : so_data = 0,  EXPECTED OUTPUT so_data = 1

---------- ERROR at pattern No.         602,  REAL OUTPUT : so_data = 1,  EXPECTED OUTPUT so_data = 0

---------- ERROR at pattern No.         603,  REAL OUTPUT : so_data = 1,  EXPECTED OUTPUT so_data = 0

---------- ERROR at pattern No.         604,  REAL OUTPUT : so_data = 1,  EXPECTED OUTPUT so_data = 0

---------- ERROR at pattern No.         607,  REAL OUTPUT : so_data = 0,  EXPECTED OUTPUT so_data = 1

---------- ERROR at pattern No.         608,  REAL OUTPUT : so_data = 1,  EXPECTED OUTPUT so_data = 0

---------- ERROR at pattern No.         609,  REAL OUTPUT : so_data = 0,  EXPECTED OUTPUT so_data = 1

---------- ERROR at pattern No.         610,  REAL OUTPUT : so_data = 0,  EXPECTED OUTPUT so_data = 1

---------- ERROR at pattern No.         612,  REAL OUTPUT : so_data = 0,  EXPECTED OUTPUT so_data = 1

---------- ERROR at pattern No.         613,  REAL OUTPUT : so_data = 0,  EXPECTED OUTPUT so_data = 1

---------- ERROR at pattern No.         617,  REAL OUTPUT : so_data = 0,  EXPECTED OUTPUT so_data = 1

---------- ERROR at pattern No.         618,  REAL OUTPUT : so_data = 0,  EXPECTED OUTPUT so_data = 1

---------- ERROR at pattern No.         619,  REAL OUTPUT : so_data = 0,  EXPECTED OUTPUT so_data = 1

---------- ERROR at pattern No.         620,  REAL OUTPUT : so_data = 0,  EXPECTED OUTPUT so_data = 1

---------- ERROR at pattern No.         623,  REAL OUTPUT : so_data = 0,  EXPECTED OUTPUT so_data = 1

---------- ERROR at pattern No.         633,  REAL OUTPUT : so_data = 1,  EXPECTED OUTPUT so_data = 0

---------- ERROR at pattern No.         634,  REAL OUTPUT : so_data = 1,  EXPECTED OUTPUT so_data = 0

---------- ERROR at pattern No.         635,  REAL OUTPUT : so_data = 1,  EXPECTED OUTPUT so_data = 0

---------- ERROR at pattern No.         638,  REAL OUTPUT : so_data = 1,  EXPECTED OUTPUT so_data = 0

---------- ERROR at pattern No.         639,  REAL OUTPUT : so_data = 1,  EXPECTED OUTPUT so_data = 0

---------- ERROR at pattern No.         641,  REAL OUTPUT : so_data = 1,  EXPECTED OUTPUT so_data = 0

---------- ERROR at pattern No.         642,  REAL OUTPUT : so_data = 1,  EXPECTED OUTPUT so_data = 0

---------- ERROR at pattern No.         644,  REAL OUTPUT : so_data = 1,  EXPECTED OUTPUT so_data = 0

---------- ERROR at pattern No.         647,  REAL OUTPUT : so_data = 1,  EXPECTED OUTPUT so_data = 0

---------- ERROR at pattern No.         648,  REAL OUTPUT : so_data = 1,  EXPECTED OUTPUT so_data = 0

---------- ERROR at pattern No.         649,  REAL OUTPUT : so_data = 0,  EXPECTED OUTPUT so_data = 1

---------- ERROR at pattern No.         653,  REAL OUTPUT : so_data = 1,  EXPECTED OUTPUT so_data = 0

---------- ERROR at pattern No.         655,  REAL OUTPUT : so_data = 0,  EXPECTED OUTPUT so_data = 1

---------- ERROR at pattern No.         656,  REAL OUTPUT : so_data = 1,  EXPECTED OUTPUT so_data = 0

---------- ERROR at pattern No.         657,  REAL OUTPUT : so_data = 0,  EXPECTED OUTPUT so_data = 1

---------- ERROR at pattern No.         661,  REAL OUTPUT : so_data = 1,  EXPECTED OUTPUT so_data = 0

---------- ERROR at pattern No.         662,  REAL OUTPUT : so_data = 1,  EXPECTED OUTPUT so_data = 0

---------- ERROR at pattern No.         663,  REAL OUTPUT : so_data = 0,  EXPECTED OUTPUT so_data = 1

---------- ERROR at pattern No.         664,  REAL OUTPUT : so_data = 0,  EXPECTED OUTPUT so_data = 1

---------- ERROR at pattern No.         666,  REAL OUTPUT : so_data = 0,  EXPECTED OUTPUT so_data = 1

---------- ERROR at pattern No.         667,  REAL OUTPUT : so_data = 0,  EXPECTED OUTPUT so_data = 1

---------- ERROR at pattern No.         669,  REAL OUTPUT : so_data = 0,  EXPECTED OUTPUT so_data = 1

---------- ERROR at pattern No.         670,  REAL OUTPUT : so_data = 0,  EXPECTED OUTPUT so_data = 1

---------- ERROR at pattern No.         672,  REAL OUTPUT : so_data = 0,  EXPECTED OUTPUT so_data = 1

---------- ERROR at pattern No.         674,  REAL OUTPUT : so_data = 0,  EXPECTED OUTPUT so_data = 1

---------- ERROR at pattern No.         676,  REAL OUTPUT : so_data = 0,  EXPECTED OUTPUT so_data = 1

---------- ERROR at pattern No.         677,  REAL OUTPUT : so_data = 0,  EXPECTED OUTPUT so_data = 1

---------- ERROR at pattern No.         678,  REAL OUTPUT : so_data = 0,  EXPECTED OUTPUT so_data = 1

---------- ERROR at pattern No.         682,  REAL OUTPUT : so_data = 1,  EXPECTED OUTPUT so_data = 0

---------- ERROR at pattern No.         683,  REAL OUTPUT : so_data = 1,  EXPECTED OUTPUT so_data = 0

---------- ERROR at pattern No.         685,  REAL OUTPUT : so_data = 1,  EXPECTED OUTPUT so_data = 0

---------- ERROR at pattern No.         688,  REAL OUTPUT : so_data = 1,  EXPECTED OUTPUT so_data = 0

---------- ERROR at pattern No.         692,  REAL OUTPUT : so_data = 1,  EXPECTED OUTPUT so_data = 0

---------- ERROR at pattern No.         693,  REAL OUTPUT : so_data = 1,  EXPECTED OUTPUT so_data = 0

---------- ERROR at pattern No.         695,  REAL OUTPUT : so_data = 1,  EXPECTED OUTPUT so_data = 0

---------- ERROR at pattern No.         696,  REAL OUTPUT : so_data = 1,  EXPECTED OUTPUT so_data = 0

---------- ERROR at pattern No.         697,  REAL OUTPUT : so_data = 1,  EXPECTED OUTPUT so_data = 0

---------- ERROR at pattern No.         698,  REAL OUTPUT : so_data = 0,  EXPECTED OUTPUT so_data = 1

---------- ERROR at pattern No.         699,  REAL OUTPUT : so_data = 0,  EXPECTED OUTPUT so_data = 1

---------- ERROR at pattern No.         700,  REAL OUTPUT : so_data = 1,  EXPECTED OUTPUT so_data = 0

---------- ERROR at pattern No.         701,  REAL OUTPUT : so_data = 0,  EXPECTED OUTPUT so_data = 1

---------- ERROR at pattern No.         703,  REAL OUTPUT : so_data = 1,  EXPECTED OUTPUT so_data = 0

---------- ERROR at pattern No.         704,  REAL OUTPUT : so_data = 1,  EXPECTED OUTPUT so_data = 0

---------- ERROR at pattern No.         705,  REAL OUTPUT : so_data = 0,  EXPECTED OUTPUT so_data = 1

---------- ERROR at pattern No.         707,  REAL OUTPUT : so_data = 1,  EXPECTED OUTPUT so_data = 0

---------- ERROR at pattern No.         710,  REAL OUTPUT : so_data = 0,  EXPECTED OUTPUT so_data = 1

---------- ERROR at pattern No.         713,  REAL OUTPUT : so_data = 0,  EXPECTED OUTPUT so_data = 1

---------- ERROR at pattern No.         714,  REAL OUTPUT : so_data = 0,  EXPECTED OUTPUT so_data = 1

---------- ERROR at pattern No.         715,  REAL OUTPUT : so_data = 0,  EXPECTED OUTPUT so_data = 1

---------- ERROR at pattern No.         722,  REAL OUTPUT : so_data = 0,  EXPECTED OUTPUT so_data = 1

---------- ERROR at pattern No.         723,  REAL OUTPUT : so_data = 1,  EXPECTED OUTPUT so_data = 0

---------- ERROR at pattern No.         724,  REAL OUTPUT : so_data = 1,  EXPECTED OUTPUT so_data = 0

---------- ERROR at pattern No.         725,  REAL OUTPUT : so_data = 0,  EXPECTED OUTPUT so_data = 1

---------- ERROR at pattern No.         726,  REAL OUTPUT : so_data = 1,  EXPECTED OUTPUT so_data = 0

---------- ERROR at pattern No.         727,  REAL OUTPUT : so_data = 0,  EXPECTED OUTPUT so_data = 1

---------- ERROR at pattern No.         728,  REAL OUTPUT : so_data = 1,  EXPECTED OUTPUT so_data = 0

---------- ERROR at pattern No.         729,  REAL OUTPUT : so_data = 1,  EXPECTED OUTPUT so_data = 0

---------- ERROR at pattern No.         731,  REAL OUTPUT : so_data = 1,  EXPECTED OUTPUT so_data = 0

---------- ERROR at pattern No.         734,  REAL OUTPUT : so_data = 1,  EXPECTED OUTPUT so_data = 0

---------- ERROR at pattern No.         735,  REAL OUTPUT : so_data = 1,  EXPECTED OUTPUT so_data = 0

---------- ERROR at pattern No.         736,  REAL OUTPUT : so_data = 0,  EXPECTED OUTPUT so_data = 1

---------- ERROR at pattern No.         738,  REAL OUTPUT : so_data = 1,  EXPECTED OUTPUT so_data = 0

---------- ERROR at pattern No.         740,  REAL OUTPUT : so_data = 1,  EXPECTED OUTPUT so_data = 0

---------- ERROR at pattern No.         741,  REAL OUTPUT : so_data = 0,  EXPECTED OUTPUT so_data = 1

---------- ERROR at pattern No.         742,  REAL OUTPUT : so_data = 0,  EXPECTED OUTPUT so_data = 1

---------- ERROR at pattern No.         743,  REAL OUTPUT : so_data = 1,  EXPECTED OUTPUT so_data = 0

---------- ERROR at pattern No.         745,  REAL OUTPUT : so_data = 1,  EXPECTED OUTPUT so_data = 0

---------- ERROR at pattern No.         746,  REAL OUTPUT : so_data = 0,  EXPECTED OUTPUT so_data = 1

---------- ERROR at pattern No.         748,  REAL OUTPUT : so_data = 1,  EXPECTED OUTPUT so_data = 0

---------- ERROR at pattern No.         749,  REAL OUTPUT : so_data = 0,  EXPECTED OUTPUT so_data = 1

---------- ERROR at pattern No.         751,  REAL OUTPUT : so_data = 1,  EXPECTED OUTPUT so_data = 0

---------- ERROR at pattern No.         752,  REAL OUTPUT : so_data = 0,  EXPECTED OUTPUT so_data = 1

---------- ERROR at pattern No.         753,  REAL OUTPUT : so_data = 0,  EXPECTED OUTPUT so_data = 1

---------- ERROR at pattern No.         754,  REAL OUTPUT : so_data = 1,  EXPECTED OUTPUT so_data = 0

---------- ERROR at pattern No.         755,  REAL OUTPUT : so_data = 1,  EXPECTED OUTPUT so_data = 0

---------- ERROR at pattern No.         757,  REAL OUTPUT : so_data = 0,  EXPECTED OUTPUT so_data = 1

---------- ERROR at pattern No.         762,  REAL OUTPUT : so_data = 0,  EXPECTED OUTPUT so_data = 1

---------- ERROR at pattern No.         764,  REAL OUTPUT : so_data = 1,  EXPECTED OUTPUT so_data = 0

---------- ERROR at pattern No.         765,  REAL OUTPUT : so_data = 0,  EXPECTED OUTPUT so_data = 1

---------- ERROR at pattern No.         767,  REAL OUTPUT : so_data = 1,  EXPECTED OUTPUT so_data = 0

---------- ERROR at pattern No.         769,  REAL OUTPUT : so_data = 0,  EXPECTED OUTPUT so_data = 1

---------- ERROR at pattern No.         770,  REAL OUTPUT : so_data = 1,  EXPECTED OUTPUT so_data = 0

---------- ERROR at pattern No.         773,  REAL OUTPUT : so_data = 0,  EXPECTED OUTPUT so_data = 1

---------- ERROR at pattern No.         775,  REAL OUTPUT : so_data = 1,  EXPECTED OUTPUT so_data = 0

---------- ERROR at pattern No.         776,  REAL OUTPUT : so_data = 0,  EXPECTED OUTPUT so_data = 1

---------- ERROR at pattern No.         778,  REAL OUTPUT : so_data = 1,  EXPECTED OUTPUT so_data = 0

---------- ERROR at pattern No.         779,  REAL OUTPUT : so_data = 0,  EXPECTED OUTPUT so_data = 1

---------- ERROR at pattern No.         781,  REAL OUTPUT : so_data = 0,  EXPECTED OUTPUT so_data = 1

---------- ERROR at pattern No.         785,  REAL OUTPUT : so_data = 0,  EXPECTED OUTPUT so_data = 1

---------- ERROR at pattern No.         786,  REAL OUTPUT : so_data = 0,  EXPECTED OUTPUT so_data = 1

---------- ERROR at pattern No.         790,  REAL OUTPUT : so_data = 1,  EXPECTED OUTPUT so_data = 0

---------- ERROR at pattern No.         795,  REAL OUTPUT : so_data = 1,  EXPECTED OUTPUT so_data = 0

---------- ERROR at pattern No.         797,  REAL OUTPUT : so_data = 0,  EXPECTED OUTPUT so_data = 1

---------- ERROR at pattern No.         802,  REAL OUTPUT : so_data = 0,  EXPECTED OUTPUT so_data = 1

---------- ERROR at pattern No.         809,  REAL OUTPUT : so_data = 0,  EXPECTED OUTPUT so_data = 1

---------- ERROR at pattern No.         810,  REAL OUTPUT : so_data = 0,  EXPECTED OUTPUT so_data = 1

---------- ERROR at pattern No.         811,  REAL OUTPUT : so_data = 0,  EXPECTED OUTPUT so_data = 1

---------- ERROR at pattern No.         813,  REAL OUTPUT : so_data = 0,  EXPECTED OUTPUT so_data = 1

---------- ERROR at pattern No.         814,  REAL OUTPUT : so_data = 0,  EXPECTED OUTPUT so_data = 1

---------- ERROR at pattern No.         815,  REAL OUTPUT : so_data = 0,  EXPECTED OUTPUT so_data = 1

---------- ERROR at pattern No.         817,  REAL OUTPUT : so_data = 1,  EXPECTED OUTPUT so_data = 0

---------- ERROR at pattern No.         820,  REAL OUTPUT : so_data = 1,  EXPECTED OUTPUT so_data = 0

---------- ERROR at pattern No.         822,  REAL OUTPUT : so_data = 1,  EXPECTED OUTPUT so_data = 0

---------- ERROR at pattern No.         825,  REAL OUTPUT : so_data = 1,  EXPECTED OUTPUT so_data = 0

---------- ERROR at pattern No.         826,  REAL OUTPUT : so_data = 1,  EXPECTED OUTPUT so_data = 0

---------- ERROR at pattern No.         828,  REAL OUTPUT : so_data = 1,  EXPECTED OUTPUT so_data = 0

---------- ERROR at pattern No.         829,  REAL OUTPUT : so_data = 1,  EXPECTED OUTPUT so_data = 0

---------- ERROR at pattern No.         830,  REAL OUTPUT : so_data = 1,  EXPECTED OUTPUT so_data = 0

---------- ERROR at pattern No.         832,  REAL OUTPUT : so_data = 1,  EXPECTED OUTPUT so_data = 0

---------- ERROR at pattern No.         836,  REAL OUTPUT : so_data = 1,  EXPECTED OUTPUT so_data = 0

---------- ERROR at pattern No.         838,  REAL OUTPUT : so_data = 1,  EXPECTED OUTPUT so_data = 0

---------- ERROR at pattern No.         840,  REAL OUTPUT : so_data = 0,  EXPECTED OUTPUT so_data = 1

---------- ERROR at pattern No.         841,  REAL OUTPUT : so_data = 1,  EXPECTED OUTPUT so_data = 0

---------- ERROR at pattern No.         842,  REAL OUTPUT : so_data = 0,  EXPECTED OUTPUT so_data = 1

---------- ERROR at pattern No.         845,  REAL OUTPUT : so_data = 0,  EXPECTED OUTPUT so_data = 1

---------- ERROR at pattern No.         846,  REAL OUTPUT : so_data = 0,  EXPECTED OUTPUT so_data = 1

---------- ERROR at pattern No.         849,  REAL OUTPUT : so_data = 0,  EXPECTED OUTPUT so_data = 1

---------- ERROR at pattern No.         850,  REAL OUTPUT : so_data = 0,  EXPECTED OUTPUT so_data = 1

---------- ERROR at pattern No.         852,  REAL OUTPUT : so_data = 1,  EXPECTED OUTPUT so_data = 0

---------- ERROR at pattern No.         853,  REAL OUTPUT : so_data = 0,  EXPECTED OUTPUT so_data = 1

---------- ERROR at pattern No.         855,  REAL OUTPUT : so_data = 1,  EXPECTED OUTPUT so_data = 0

---------- ERROR at pattern No.         860,  REAL OUTPUT : so_data = 1,  EXPECTED OUTPUT so_data = 0

---------- ERROR at pattern No.         864,  REAL OUTPUT : so_data = 1,  EXPECTED OUTPUT so_data = 0

---------- ERROR at pattern No.         866,  REAL OUTPUT : so_data = 1,  EXPECTED OUTPUT so_data = 0

---------- ERROR at pattern No.         868,  REAL OUTPUT : so_data = 1,  EXPECTED OUTPUT so_data = 0

---------- ERROR at pattern No.         869,  REAL OUTPUT : so_data = 1,  EXPECTED OUTPUT so_data = 0

---------- ERROR at pattern No.         871,  REAL OUTPUT : so_data = 1,  EXPECTED OUTPUT so_data = 0

---------- ERROR at pattern No.         872,  REAL OUTPUT : so_data = 1,  EXPECTED OUTPUT so_data = 0

---------- ERROR at pattern No.         873,  REAL OUTPUT : so_data = 0,  EXPECTED OUTPUT so_data = 1

---------- ERROR at pattern No.         874,  REAL OUTPUT : so_data = 0,  EXPECTED OUTPUT so_data = 1

---------- ERROR at pattern No.         877,  REAL OUTPUT : so_data = 0,  EXPECTED OUTPUT so_data = 1

---------- ERROR at pattern No.         880,  REAL OUTPUT : so_data = 0,  EXPECTED OUTPUT so_data = 1

---------- ERROR at pattern No.         881,  REAL OUTPUT : so_data = 0,  EXPECTED OUTPUT so_data = 1

---------- ERROR at pattern No.         886,  REAL OUTPUT : so_data = 0,  EXPECTED OUTPUT so_data = 1

---------- ERROR at pattern No.         887,  REAL OUTPUT : so_data = 1,  EXPECTED OUTPUT so_data = 0

---------- ERROR at pattern No.         890,  REAL OUTPUT : so_data = 0,  EXPECTED OUTPUT so_data = 1

---------- ERROR at pattern No.         891,  REAL OUTPUT : so_data = 0,  EXPECTED OUTPUT so_data = 1

---------- ERROR at pattern No.         893,  REAL OUTPUT : so_data = 0,  EXPECTED OUTPUT so_data = 1

---------- ERROR at pattern No.         894,  REAL OUTPUT : so_data = 0,  EXPECTED OUTPUT so_data = 1

---------- ERROR at pattern No.         895,  REAL OUTPUT : so_data = 0,  EXPECTED OUTPUT so_data = 1

---------- ERROR at pattern No.         901,  REAL OUTPUT : so_data = 0,  EXPECTED OUTPUT so_data = 1

---------- ERROR at pattern No.         904,  REAL OUTPUT : so_data = 0,  EXPECTED OUTPUT so_data = 1

---------- ERROR at pattern No.         906,  REAL OUTPUT : so_data = 0,  EXPECTED OUTPUT so_data = 1

---------- ERROR at pattern No.         907,  REAL OUTPUT : so_data = 1,  EXPECTED OUTPUT so_data = 0

---------- ERROR at pattern No.         909,  REAL OUTPUT : so_data = 0,  EXPECTED OUTPUT so_data = 1

---------- ERROR at pattern No.         911,  REAL OUTPUT : so_data = 1,  EXPECTED OUTPUT so_data = 0

---------- ERROR at pattern No.         912,  REAL OUTPUT : so_data = 1,  EXPECTED OUTPUT so_data = 0

---------- ERROR at pattern No.         916,  REAL OUTPUT : so_data = 1,  EXPECTED OUTPUT so_data = 0

---------- ERROR at pattern No.         918,  REAL OUTPUT : so_data = 1,  EXPECTED OUTPUT so_data = 0

---------- ERROR at pattern No.         919,  REAL OUTPUT : so_data = 1,  EXPECTED OUTPUT so_data = 0

---------- ERROR at pattern No.         920,  REAL OUTPUT : so_data = 1,  EXPECTED OUTPUT so_data = 0

---------- ERROR at pattern No.         922,  REAL OUTPUT : so_data = 1,  EXPECTED OUTPUT so_data = 0

---------- ERROR at pattern No.         923,  REAL OUTPUT : so_data = 1,  EXPECTED OUTPUT so_data = 0

---------- ERROR at pattern No.         926,  REAL OUTPUT : so_data = 1,  EXPECTED OUTPUT so_data = 0

---------- ERROR at pattern No.         928,  REAL OUTPUT : so_data = 1,  EXPECTED OUTPUT so_data = 0

---------- ERROR at pattern No.         929,  REAL OUTPUT : so_data = 0,  EXPECTED OUTPUT so_data = 1

---------- ERROR at pattern No.         930,  REAL OUTPUT : so_data = 1,  EXPECTED OUTPUT so_data = 0

---------- ERROR at pattern No.         931,  REAL OUTPUT : so_data = 1,  EXPECTED OUTPUT so_data = 0

---------- ERROR at pattern No.         932,  REAL OUTPUT : so_data = 0,  EXPECTED OUTPUT so_data = 1

---------- ERROR at pattern No.         933,  REAL OUTPUT : so_data = 0,  EXPECTED OUTPUT so_data = 1

---------- ERROR at pattern No.         934,  REAL OUTPUT : so_data = 0,  EXPECTED OUTPUT so_data = 1

---------- ERROR at pattern No.         936,  REAL OUTPUT : so_data = 1,  EXPECTED OUTPUT so_data = 0

---------- ERROR at pattern No.         938,  REAL OUTPUT : so_data = 0,  EXPECTED OUTPUT so_data = 1

---------- ERROR at pattern No.         940,  REAL OUTPUT : so_data = 0,  EXPECTED OUTPUT so_data = 1

---------- ERROR at pattern No.         941,  REAL OUTPUT : so_data = 0,  EXPECTED OUTPUT so_data = 1

---------- ERROR at pattern No.         942,  REAL OUTPUT : so_data = 0,  EXPECTED OUTPUT so_data = 1

---------- ERROR at pattern No.         945,  REAL OUTPUT : so_data = 0,  EXPECTED OUTPUT so_data = 1

---------- ERROR at pattern No.         946,  REAL OUTPUT : so_data = 0,  EXPECTED OUTPUT so_data = 1

---------- ERROR at pattern No.         949,  REAL OUTPUT : so_data = 0,  EXPECTED OUTPUT so_data = 1

---------- ERROR at pattern No.         951,  REAL OUTPUT : so_data = 0,  EXPECTED OUTPUT so_data = 1

---------- ERROR at pattern No.         953,  REAL OUTPUT : so_data = 0,  EXPECTED OUTPUT so_data = 1

---------- ERROR at pattern No.         956,  REAL OUTPUT : so_data = 1,  EXPECTED OUTPUT so_data = 0

---------- ERROR at pattern No.         957,  REAL OUTPUT : so_data = 1,  EXPECTED OUTPUT so_data = 0

---------- ERROR at pattern No.         961,  REAL OUTPUT : so_data = 1,  EXPECTED OUTPUT so_data = 0

---------- ERROR at pattern No.         964,  REAL OUTPUT : so_data = 1,  EXPECTED OUTPUT so_data = 0

---------- ERROR at pattern No.         965,  REAL OUTPUT : so_data = 1,  EXPECTED OUTPUT so_data = 0

---------- ERROR at pattern No.         970,  REAL OUTPUT : so_data = 1,  EXPECTED OUTPUT so_data = 0

---------- ERROR at pattern No.         972,  REAL OUTPUT : so_data = 1,  EXPECTED OUTPUT so_data = 0

---------- ERROR at pattern No.         973,  REAL OUTPUT : so_data = 1,  EXPECTED OUTPUT so_data = 0

---------- ERROR at pattern No.         975,  REAL OUTPUT : so_data = 1,  EXPECTED OUTPUT so_data = 0

---------- ERROR at pattern No.         978,  REAL OUTPUT : so_data = 1,  EXPECTED OUTPUT so_data = 0

---------- ERROR at pattern No.         979,  REAL OUTPUT : so_data = 0,  EXPECTED OUTPUT so_data = 1

---------- ERROR at pattern No.         982,  REAL OUTPUT : so_data = 0,  EXPECTED OUTPUT so_data = 1

---------- ERROR at pattern No.         985,  REAL OUTPUT : so_data = 1,  EXPECTED OUTPUT so_data = 0

---------- ERROR at pattern No.         989,  REAL OUTPUT : so_data = 1,  EXPECTED OUTPUT so_data = 0

---------- ERROR at pattern No.         991,  REAL OUTPUT : so_data = 0,  EXPECTED OUTPUT so_data = 1

---------- ERROR at pattern No.         992,  REAL OUTPUT : so_data = 1,  EXPECTED OUTPUT so_data = 0

---------- ERROR at pattern No.         993,  REAL OUTPUT : so_data = 1,  EXPECTED OUTPUT so_data = 0

---------- ERROR at pattern No.         996,  REAL OUTPUT : so_data = 0,  EXPECTED OUTPUT so_data = 1

---------- ERROR at pattern No.         998,  REAL OUTPUT : so_data = 1,  EXPECTED OUTPUT so_data = 0

---------- ERROR at pattern No.        1001,  REAL OUTPUT : so_data = 0,  EXPECTED OUTPUT so_data = 1

---------- ERROR at pattern No.        1005,  REAL OUTPUT : so_data = 1,  EXPECTED OUTPUT so_data = 0

---------- ERROR at pattern No.        1007,  REAL OUTPUT : so_data = 0,  EXPECTED OUTPUT so_data = 1

---------- ERROR at pattern No.        1009,  REAL OUTPUT : so_data = 0,  EXPECTED OUTPUT so_data = 1

---------- ERROR at pattern No.        1010,  REAL OUTPUT : so_data = 0,  EXPECTED OUTPUT so_data = 1

---------- ERROR at pattern No.        1012,  REAL OUTPUT : so_data = 0,  EXPECTED OUTPUT so_data = 1

---------- ERROR at pattern No.        1013,  REAL OUTPUT : so_data = 0,  EXPECTED OUTPUT so_data = 1

---------- ERROR at pattern No.        1014,  REAL OUTPUT : so_data = 0,  EXPECTED OUTPUT so_data = 1

---------- ERROR at pattern No.        1017,  REAL OUTPUT : so_data = 0,  EXPECTED OUTPUT so_data = 1

---------- ERROR at pattern No.        1018,  REAL OUTPUT : so_data = 0,  EXPECTED OUTPUT so_data = 1

---------- ERROR at pattern No.        1019,  REAL OUTPUT : so_data = 0,  EXPECTED OUTPUT so_data = 1

---------- ERROR at pattern No.        1022,  REAL OUTPUT : so_data = 0,  EXPECTED OUTPUT so_data = 1

---------- ERROR at pattern No.        1030,  REAL OUTPUT : so_data = 0,  EXPECTED OUTPUT so_data = 1

---------- ERROR at pattern No.        1031,  REAL OUTPUT : so_data = 1,  EXPECTED OUTPUT so_data = 0

---------- ERROR at pattern No.        1032,  REAL OUTPUT : so_data = 1,  EXPECTED OUTPUT so_data = 0

---------- ERROR at pattern No.        1035,  REAL OUTPUT : so_data = 1,  EXPECTED OUTPUT so_data = 0

---------- ERROR at pattern No.        1039,  REAL OUTPUT : so_data = 1,  EXPECTED OUTPUT so_data = 0

---------- ERROR at pattern No.        1046,  REAL OUTPUT : so_data = 1,  EXPECTED OUTPUT so_data = 0

---------- ERROR at pattern No.        1047,  REAL OUTPUT : so_data = 1,  EXPECTED OUTPUT so_data = 0

---------- ERROR at pattern No.        1048,  REAL OUTPUT : so_data = 1,  EXPECTED OUTPUT so_data = 0

---------- ERROR at pattern No.        1049,  REAL OUTPUT : so_data = 0,  EXPECTED OUTPUT so_data = 1

---------- ERROR at pattern No.        1051,  REAL OUTPUT : so_data = 1,  EXPECTED OUTPUT so_data = 0

---------- ERROR at pattern No.        1052,  REAL OUTPUT : so_data = 1,  EXPECTED OUTPUT so_data = 0

---------- ERROR at pattern No.        1054,  REAL OUTPUT : so_data = 1,  EXPECTED OUTPUT so_data = 0

---------- ERROR at pattern No.        1057,  REAL OUTPUT : so_data = 0,  EXPECTED OUTPUT so_data = 1

---------- ERROR at pattern No.        1059,  REAL OUTPUT : so_data = 1,  EXPECTED OUTPUT so_data = 0

---------- ERROR at pattern No.        1062,  REAL OUTPUT : so_data = 1,  EXPECTED OUTPUT so_data = 0

---------- ERROR at pattern No.        1064,  REAL OUTPUT : so_data = 1,  EXPECTED OUTPUT so_data = 0

---------- ERROR at pattern No.        1066,  REAL OUTPUT : so_data = 0,  EXPECTED OUTPUT so_data = 1

---------- ERROR at pattern No.        1067,  REAL OUTPUT : so_data = 1,  EXPECTED OUTPUT so_data = 0

---------- ERROR at pattern No.        1073,  REAL OUTPUT : so_data = 0,  EXPECTED OUTPUT so_data = 1

---------- ERROR at pattern No.        1074,  REAL OUTPUT : so_data = 0,  EXPECTED OUTPUT so_data = 1

---------- ERROR at pattern No.        1075,  REAL OUTPUT : so_data = 0,  EXPECTED OUTPUT so_data = 1

---------- ERROR at pattern No.        1077,  REAL OUTPUT : so_data = 0,  EXPECTED OUTPUT so_data = 1

---------- ERROR at pattern No.        1078,  REAL OUTPUT : so_data = 0,  EXPECTED OUTPUT so_data = 1

---------- ERROR at pattern No.        1079,  REAL OUTPUT : so_data = 0,  EXPECTED OUTPUT so_data = 1

---------- ERROR at pattern No.        1081,  REAL OUTPUT : so_data = 0,  EXPECTED OUTPUT so_data = 1

---------- ERROR at pattern No.        1082,  REAL OUTPUT : so_data = 0,  EXPECTED OUTPUT so_data = 1

---------- ERROR at pattern No.        1083,  REAL OUTPUT : so_data = 0,  EXPECTED OUTPUT so_data = 1

---------- ERROR at pattern No.        1084,  REAL OUTPUT : so_data = 1,  EXPECTED OUTPUT so_data = 0

---------- ERROR at pattern No.        1094,  REAL OUTPUT : so_data = 1,  EXPECTED OUTPUT so_data = 0

---------- ERROR at pattern No.        1095,  REAL OUTPUT : so_data = 0,  EXPECTED OUTPUT so_data = 1

---------- ERROR at pattern No.        1096,  REAL OUTPUT : so_data = 1,  EXPECTED OUTPUT so_data = 0

---------- ERROR at pattern No.        1097,  REAL OUTPUT : so_data = 1,  EXPECTED OUTPUT so_data = 0

---------- ERROR at pattern No.        1098,  REAL OUTPUT : so_data = 1,  EXPECTED OUTPUT so_data = 0

---------- ERROR at pattern No.        1101,  REAL OUTPUT : so_data = 1,  EXPECTED OUTPUT so_data = 0

---------- ERROR at pattern No.        1103,  REAL OUTPUT : so_data = 1,  EXPECTED OUTPUT so_data = 0

---------- ERROR at pattern No.        1104,  REAL OUTPUT : so_data = 1,  EXPECTED OUTPUT so_data = 0

---------- ERROR at pattern No.        1107,  REAL OUTPUT : so_data = 1,  EXPECTED OUTPUT so_data = 0

---------- ERROR at pattern No.        1110,  REAL OUTPUT : so_data = 1,  EXPECTED OUTPUT so_data = 0

---------- ERROR at pattern No.        1113,  REAL OUTPUT : so_data = 1,  EXPECTED OUTPUT so_data = 0

---------- ERROR at pattern No.        1114,  REAL OUTPUT : so_data = 0,  EXPECTED OUTPUT so_data = 1

---------- ERROR at pattern No.        1115,  REAL OUTPUT : so_data = 0,  EXPECTED OUTPUT so_data = 1

---------- ERROR at pattern No.        1116,  REAL OUTPUT : so_data = 1,  EXPECTED OUTPUT so_data = 0

---------- ERROR at pattern No.        1118,  REAL OUTPUT : so_data = 0,  EXPECTED OUTPUT so_data = 1

---------- ERROR at pattern No.        1120,  REAL OUTPUT : so_data = 0,  EXPECTED OUTPUT so_data = 1

---------- ERROR at pattern No.        1121,  REAL OUTPUT : so_data = 1,  EXPECTED OUTPUT so_data = 0

---------- ERROR at pattern No.        1122,  REAL OUTPUT : so_data = 0,  EXPECTED OUTPUT so_data = 1

---------- ERROR at pattern No.        1124,  REAL OUTPUT : so_data = 0,  EXPECTED OUTPUT so_data = 1

---------- ERROR at pattern No.        1125,  REAL OUTPUT : so_data = 0,  EXPECTED OUTPUT so_data = 1

---------- ERROR at pattern No.        1126,  REAL OUTPUT : so_data = 0,  EXPECTED OUTPUT so_data = 1

---------- ERROR at pattern No.        1130,  REAL OUTPUT : so_data = 0,  EXPECTED OUTPUT so_data = 1

---------- ERROR at pattern No.        1131,  REAL OUTPUT : so_data = 1,  EXPECTED OUTPUT so_data = 0

---------- ERROR at pattern No.        1140,  REAL OUTPUT : so_data = 1,  EXPECTED OUTPUT so_data = 0

---------- ERROR at pattern No.        1141,  REAL OUTPUT : so_data = 0,  EXPECTED OUTPUT so_data = 1

---------- ERROR at pattern No.        1142,  REAL OUTPUT : so_data = 0,  EXPECTED OUTPUT so_data = 1

---------- ERROR at pattern No.        1143,  REAL OUTPUT : so_data = 1,  EXPECTED OUTPUT so_data = 0

---------- ERROR at pattern No.        1148,  REAL OUTPUT : so_data = 1,  EXPECTED OUTPUT so_data = 0

---------- ERROR at pattern No.        1150,  REAL OUTPUT : so_data = 0,  EXPECTED OUTPUT so_data = 1

---------- ERROR at pattern No.        1151,  REAL OUTPUT : so_data = 1,  EXPECTED OUTPUT so_data = 0

---------- ERROR at pattern No.        1152,  REAL OUTPUT : so_data = 1,  EXPECTED OUTPUT so_data = 0

---------- ERROR at pattern No.        1156,  REAL OUTPUT : so_data = 1,  EXPECTED OUTPUT so_data = 0

---------- ERROR at pattern No.        1158,  REAL OUTPUT : so_data = 1,  EXPECTED OUTPUT so_data = 0

---------- ERROR at pattern No.        1159,  REAL OUTPUT : so_data = 1,  EXPECTED OUTPUT so_data = 0

---------- ERROR at pattern No.        1160,  REAL OUTPUT : so_data = 1,  EXPECTED OUTPUT so_data = 0

---------- ERROR at pattern No.        1161,  REAL OUTPUT : so_data = 0,  EXPECTED OUTPUT so_data = 1

---------- ERROR at pattern No.        1162,  REAL OUTPUT : so_data = 0,  EXPECTED OUTPUT so_data = 1

---------- ERROR at pattern No.        1163,  REAL OUTPUT : so_data = 0,  EXPECTED OUTPUT so_data = 1

---------- ERROR at pattern No.        1166,  REAL OUTPUT : so_data = 0,  EXPECTED OUTPUT so_data = 1

---------- ERROR at pattern No.        1167,  REAL OUTPUT : so_data = 1,  EXPECTED OUTPUT so_data = 0

---------- ERROR at pattern No.        1169,  REAL OUTPUT : so_data = 0,  EXPECTED OUTPUT so_data = 1

---------- ERROR at pattern No.        1170,  REAL OUTPUT : so_data = 0,  EXPECTED OUTPUT so_data = 1

---------- ERROR at pattern No.        1171,  REAL OUTPUT : so_data = 1,  EXPECTED OUTPUT so_data = 0

---------- ERROR at pattern No.        1173,  REAL OUTPUT : so_data = 0,  EXPECTED OUTPUT so_data = 1

---------- ERROR at pattern No.        1174,  REAL OUTPUT : so_data = 1,  EXPECTED OUTPUT so_data = 0

---------- ERROR at pattern No.        1178,  REAL OUTPUT : so_data = 0,  EXPECTED OUTPUT so_data = 1

---------- ERROR at pattern No.        1181,  REAL OUTPUT : so_data = 0,  EXPECTED OUTPUT so_data = 1

---------- ERROR at pattern No.        1182,  REAL OUTPUT : so_data = 0,  EXPECTED OUTPUT so_data = 1

---------- ERROR at pattern No.        1186,  REAL OUTPUT : so_data = 0,  EXPECTED OUTPUT so_data = 1

---------- ERROR at pattern No.        1187,  REAL OUTPUT : so_data = 1,  EXPECTED OUTPUT so_data = 0

---------- ERROR at pattern No.        1189,  REAL OUTPUT : so_data = 0,  EXPECTED OUTPUT so_data = 1

---------- ERROR at pattern No.        1190,  REAL OUTPUT : so_data = 0,  EXPECTED OUTPUT so_data = 1

---------- ERROR at pattern No.        1191,  REAL OUTPUT : so_data = 1,  EXPECTED OUTPUT so_data = 0

---------- ERROR at pattern No.        1192,  REAL OUTPUT : so_data = 1,  EXPECTED OUTPUT so_data = 0

---------- ERROR at pattern No.        1194,  REAL OUTPUT : so_data = 1,  EXPECTED OUTPUT so_data = 0

---------- ERROR at pattern No.        1195,  REAL OUTPUT : so_data = 1,  EXPECTED OUTPUT so_data = 0

---------- ERROR at pattern No.        1196,  REAL OUTPUT : so_data = 1,  EXPECTED OUTPUT so_data = 0

---------- ERROR at pattern No.        1199,  REAL OUTPUT : so_data = 1,  EXPECTED OUTPUT so_data = 0

---------- ERROR at pattern No.        1200,  REAL OUTPUT : so_data = 1,  EXPECTED OUTPUT so_data = 0

---------- ERROR at pattern No.        1201,  REAL OUTPUT : so_data = 0,  EXPECTED OUTPUT so_data = 1

---------- ERROR at pattern No.        1204,  REAL OUTPUT : so_data = 0,  EXPECTED OUTPUT so_data = 1

---------- ERROR at pattern No.        1205,  REAL OUTPUT : so_data = 0,  EXPECTED OUTPUT so_data = 1

---------- ERROR at pattern No.        1206,  REAL OUTPUT : so_data = 0,  EXPECTED OUTPUT so_data = 1

---------- ERROR at pattern No.        1217,  REAL OUTPUT : so_data = 0,  EXPECTED OUTPUT so_data = 1

---------- ERROR at pattern No.        1220,  REAL OUTPUT : so_data = 1,  EXPECTED OUTPUT so_data = 0

---------- ERROR at pattern No.        1221,  REAL OUTPUT : so_data = 0,  EXPECTED OUTPUT so_data = 1

---------- ERROR at pattern No.        1222,  REAL OUTPUT : so_data = 0,  EXPECTED OUTPUT so_data = 1

---------- ERROR at pattern No.        1225,  REAL OUTPUT : so_data = 0,  EXPECTED OUTPUT so_data = 1

---------- ERROR at pattern No.        1226,  REAL OUTPUT : so_data = 0,  EXPECTED OUTPUT so_data = 1

---------- ERROR at pattern No.        1227,  REAL OUTPUT : so_data = 0,  EXPECTED OUTPUT so_data = 1

---------- ERROR at pattern No.        1229,  REAL OUTPUT : so_data = 0,  EXPECTED OUTPUT so_data = 1

---------- ERROR at pattern No.        1230,  REAL OUTPUT : so_data = 0,  EXPECTED OUTPUT so_data = 1

---------- ERROR at pattern No.        1231,  REAL OUTPUT : so_data = 1,  EXPECTED OUTPUT so_data = 0

---------- ERROR at pattern No.        1242,  REAL OUTPUT : so_data = 1,  EXPECTED OUTPUT so_data = 0

---------- ERROR at pattern No.        1245,  REAL OUTPUT : so_data = 1,  EXPECTED OUTPUT so_data = 0

---------- ERROR at pattern No.        1246,  REAL OUTPUT : so_data = 1,  EXPECTED OUTPUT so_data = 0

---------- ERROR at pattern No.        1247,  REAL OUTPUT : so_data = 1,  EXPECTED OUTPUT so_data = 0

---------- ERROR at pattern No.        1250,  REAL OUTPUT : so_data = 0,  EXPECTED OUTPUT so_data = 1

---------- ERROR at pattern No.        1252,  REAL OUTPUT : so_data = 1,  EXPECTED OUTPUT so_data = 0

---------- ERROR at pattern No.        1253,  REAL OUTPUT : so_data = 1,  EXPECTED OUTPUT so_data = 0

---------- ERROR at pattern No.        1254,  REAL OUTPUT : so_data = 0,  EXPECTED OUTPUT so_data = 1

---------- ERROR at pattern No.        1255,  REAL OUTPUT : so_data = 1,  EXPECTED OUTPUT so_data = 0

---------- ERROR at pattern No.        1256,  REAL OUTPUT : so_data = 1,  EXPECTED OUTPUT so_data = 0

---------- ERROR at pattern No.        1260,  REAL OUTPUT : so_data = 1,  EXPECTED OUTPUT so_data = 0

---------- ERROR at pattern No.        1261,  REAL OUTPUT : so_data = 0,  EXPECTED OUTPUT so_data = 1

---------- ERROR at pattern No.        1262,  REAL OUTPUT : so_data = 1,  EXPECTED OUTPUT so_data = 0

---------- ERROR at pattern No.        1263,  REAL OUTPUT : so_data = 1,  EXPECTED OUTPUT so_data = 0

---------- ERROR at pattern No.        1264,  REAL OUTPUT : so_data = 1,  EXPECTED OUTPUT so_data = 0

---------- ERROR at pattern No.        1272,  REAL OUTPUT : so_data = 0,  EXPECTED OUTPUT so_data = 1

---------- ERROR at pattern No.        1275,  REAL OUTPUT : so_data = 0,  EXPECTED OUTPUT so_data = 1

---------- ERROR at pattern No.        1276,  REAL OUTPUT : so_data = 0,  EXPECTED OUTPUT so_data = 1

---------- ERROR at pattern No.        1277,  REAL OUTPUT : so_data = 0,  EXPECTED OUTPUT so_data = 1

---------- ERROR at pattern No.        1278,  REAL OUTPUT : so_data = 0,  EXPECTED OUTPUT so_data = 1

---------- ERROR at pattern No.        1284,  REAL OUTPUT : so_data = 1,  EXPECTED OUTPUT so_data = 0

---------- ERROR at pattern No.        1286,  REAL OUTPUT : so_data = 0,  EXPECTED OUTPUT so_data = 1

---------- ERROR at pattern No.        1288,  REAL OUTPUT : so_data = 1,  EXPECTED OUTPUT so_data = 0

---------- ERROR at pattern No.        1290,  REAL OUTPUT : so_data = 0,  EXPECTED OUTPUT so_data = 1

---------- ERROR at pattern No.        1291,  REAL OUTPUT : so_data = 1,  EXPECTED OUTPUT so_data = 0

---------- ERROR at pattern No.        1292,  REAL OUTPUT : so_data = 0,  EXPECTED OUTPUT so_data = 1

---------- ERROR at pattern No.        1300,  REAL OUTPUT : so_data = 1,  EXPECTED OUTPUT so_data = 0

---------- ERROR at pattern No.        1302,  REAL OUTPUT : so_data = 1,  EXPECTED OUTPUT so_data = 0

---------- ERROR at pattern No.        1305,  REAL OUTPUT : so_data = 1,  EXPECTED OUTPUT so_data = 0

---------- ERROR at pattern No.        1309,  REAL OUTPUT : so_data = 1,  EXPECTED OUTPUT so_data = 0

---------- ERROR at pattern No.        1312,  REAL OUTPUT : so_data = 1,  EXPECTED OUTPUT so_data = 0

---------- ERROR at pattern No.        1314,  REAL OUTPUT : so_data = 0,  EXPECTED OUTPUT so_data = 1

---------- ERROR at pattern No.        1315,  REAL OUTPUT : so_data = 0,  EXPECTED OUTPUT so_data = 1

---------- ERROR at pattern No.        1316,  REAL OUTPUT : so_data = 0,  EXPECTED OUTPUT so_data = 1

---------- ERROR at pattern No.        1318,  REAL OUTPUT : so_data = 1,  EXPECTED OUTPUT so_data = 0

---------- ERROR at pattern No.        1319,  REAL OUTPUT : so_data = 0,  EXPECTED OUTPUT so_data = 1

---------- ERROR at pattern No.        1320,  REAL OUTPUT : so_data = 1,  EXPECTED OUTPUT so_data = 0

---------- ERROR at pattern No.        1321,  REAL OUTPUT : so_data = 1,  EXPECTED OUTPUT so_data = 0

---------- ERROR at pattern No.        1325,  REAL OUTPUT : so_data = 0,  EXPECTED OUTPUT so_data = 1

---------- ERROR at pattern No.        1326,  REAL OUTPUT : so_data = 1,  EXPECTED OUTPUT so_data = 0

---------- ERROR at pattern No.        1332,  REAL OUTPUT : so_data = 0,  EXPECTED OUTPUT so_data = 1

---------- ERROR at pattern No.        1334,  REAL OUTPUT : so_data = 0,  EXPECTED OUTPUT so_data = 1

---------- ERROR at pattern No.        1337,  REAL OUTPUT : so_data = 0,  EXPECTED OUTPUT so_data = 1

---------- ERROR at pattern No.        1341,  REAL OUTPUT : so_data = 0,  EXPECTED OUTPUT so_data = 1

---------- ERROR at pattern No.        1345,  REAL OUTPUT : so_data = 0,  EXPECTED OUTPUT so_data = 1

---------- ERROR at pattern No.        1348,  REAL OUTPUT : so_data = 1,  EXPECTED OUTPUT so_data = 0

---------- ERROR at pattern No.        1349,  REAL OUTPUT : so_data = 1,  EXPECTED OUTPUT so_data = 0

---------- ERROR at pattern No.        1352,  REAL OUTPUT : so_data = 1,  EXPECTED OUTPUT so_data = 0

---------- ERROR at pattern No.        1354,  REAL OUTPUT : so_data = 0,  EXPECTED OUTPUT so_data = 1

---------- ERROR at pattern No.        1355,  REAL OUTPUT : so_data = 0,  EXPECTED OUTPUT so_data = 1

---------- ERROR at pattern No.        1356,  REAL OUTPUT : so_data = 1,  EXPECTED OUTPUT so_data = 0

---------- ERROR at pattern No.        1359,  REAL OUTPUT : so_data = 0,  EXPECTED OUTPUT so_data = 1

---------- ERROR at pattern No.        1375,  REAL OUTPUT : so_data = 1,  EXPECTED OUTPUT so_data = 0

---------- ERROR at pattern No.        1376,  REAL OUTPUT : so_data = 1,  EXPECTED OUTPUT so_data = 0

---------- ERROR at pattern No.        1378,  REAL OUTPUT : so_data = 1,  EXPECTED OUTPUT so_data = 0

---------- ERROR at pattern No.        1379,  REAL OUTPUT : so_data = 0,  EXPECTED OUTPUT so_data = 1

---------- ERROR at pattern No.        1380,  REAL OUTPUT : so_data = 1,  EXPECTED OUTPUT so_data = 0

---------- ERROR at pattern No.        1382,  REAL OUTPUT : so_data = 0,  EXPECTED OUTPUT so_data = 1

---------- ERROR at pattern No.        1385,  REAL OUTPUT : so_data = 0,  EXPECTED OUTPUT so_data = 1

---------- ERROR at pattern No.        1386,  REAL OUTPUT : so_data = 0,  EXPECTED OUTPUT so_data = 1

---------- ERROR at pattern No.        1389,  REAL OUTPUT : so_data = 0,  EXPECTED OUTPUT so_data = 1

---------- ERROR at pattern No.        1390,  REAL OUTPUT : so_data = 0,  EXPECTED OUTPUT so_data = 1

---------- ERROR at pattern No.        1391,  REAL OUTPUT : so_data = 1,  EXPECTED OUTPUT so_data = 0

---------- ERROR at pattern No.        1392,  REAL OUTPUT : so_data = 1,  EXPECTED OUTPUT so_data = 0

---------- ERROR at pattern No.        1395,  REAL OUTPUT : so_data = 1,  EXPECTED OUTPUT so_data = 0

---------- ERROR at pattern No.        1396,  REAL OUTPUT : so_data = 1,  EXPECTED OUTPUT so_data = 0

---------- ERROR at pattern No.        1398,  REAL OUTPUT : so_data = 1,  EXPECTED OUTPUT so_data = 0

---------- ERROR at pattern No.        1399,  REAL OUTPUT : so_data = 1,  EXPECTED OUTPUT so_data = 0

---------- ERROR at pattern No.        1400,  REAL OUTPUT : so_data = 1,  EXPECTED OUTPUT so_data = 0

---------- ERROR at pattern No.        1401,  REAL OUTPUT : so_data = 1,  EXPECTED OUTPUT so_data = 0

---------- ERROR at pattern No.        1403,  REAL OUTPUT : so_data = 1,  EXPECTED OUTPUT so_data = 0

---------- ERROR at pattern No.        1404,  REAL OUTPUT : so_data = 1,  EXPECTED OUTPUT so_data = 0

---------- ERROR at pattern No.        1407,  REAL OUTPUT : so_data = 1,  EXPECTED OUTPUT so_data = 0

---------- ERROR at pattern No.        1409,  REAL OUTPUT : so_data = 0,  EXPECTED OUTPUT so_data = 1

---------- ERROR at pattern No.        1410,  REAL OUTPUT : so_data = 0,  EXPECTED OUTPUT so_data = 1

---------- ERROR at pattern No.        1412,  REAL OUTPUT : so_data = 0,  EXPECTED OUTPUT so_data = 1

---------- ERROR at pattern No.        1417,  REAL OUTPUT : so_data = 1,  EXPECTED OUTPUT so_data = 0

---------- ERROR at pattern No.        1419,  REAL OUTPUT : so_data = 1,  EXPECTED OUTPUT so_data = 0

---------- ERROR at pattern No.        1421,  REAL OUTPUT : so_data = 1,  EXPECTED OUTPUT so_data = 0

---------- ERROR at pattern No.        1424,  REAL OUTPUT : so_data = 1,  EXPECTED OUTPUT so_data = 0

---------- ERROR at pattern No.        1425,  REAL OUTPUT : so_data = 0,  EXPECTED OUTPUT so_data = 1

---------- ERROR at pattern No.        1427,  REAL OUTPUT : so_data = 1,  EXPECTED OUTPUT so_data = 0

---------- ERROR at pattern No.        1429,  REAL OUTPUT : so_data = 0,  EXPECTED OUTPUT so_data = 1

---------- ERROR at pattern No.        1430,  REAL OUTPUT : so_data = 0,  EXPECTED OUTPUT so_data = 1

---------- ERROR at pattern No.        1432,  REAL OUTPUT : so_data = 0,  EXPECTED OUTPUT so_data = 1

---------- ERROR at pattern No.        1433,  REAL OUTPUT : so_data = 0,  EXPECTED OUTPUT so_data = 1

---------- ERROR at pattern No.        1434,  REAL OUTPUT : so_data = 0,  EXPECTED OUTPUT so_data = 1

---------- ERROR at pattern No.        1435,  REAL OUTPUT : so_data = 0,  EXPECTED OUTPUT so_data = 1

---------- ERROR at pattern No.        1437,  REAL OUTPUT : so_data = 0,  EXPECTED OUTPUT so_data = 1

---------- ERROR at pattern No.        1438,  REAL OUTPUT : so_data = 0,  EXPECTED OUTPUT so_data = 1

---------- ERROR at pattern No.        1442,  REAL OUTPUT : so_data = 0,  EXPECTED OUTPUT so_data = 1

---------- ERROR at pattern No.        1446,  REAL OUTPUT : so_data = 1,  EXPECTED OUTPUT so_data = 0

---------- ERROR at pattern No.        1447,  REAL OUTPUT : so_data = 1,  EXPECTED OUTPUT so_data = 0

---------- ERROR at pattern No.        1448,  REAL OUTPUT : so_data = 1,  EXPECTED OUTPUT so_data = 0

---------- ERROR at pattern No.        1449,  REAL OUTPUT : so_data = 0,  EXPECTED OUTPUT so_data = 1

---------- ERROR at pattern No.        1451,  REAL OUTPUT : so_data = 1,  EXPECTED OUTPUT so_data = 0

---------- ERROR at pattern No.        1452,  REAL OUTPUT : so_data = 0,  EXPECTED OUTPUT so_data = 1

---------- ERROR at pattern No.        1454,  REAL OUTPUT : so_data = 0,  EXPECTED OUTPUT so_data = 1

---------- ERROR at pattern No.        1458,  REAL OUTPUT : so_data = 1,  EXPECTED OUTPUT so_data = 0

---------- ERROR at pattern No.        1461,  REAL OUTPUT : so_data = 0,  EXPECTED OUTPUT so_data = 1

---------- ERROR at pattern No.        1462,  REAL OUTPUT : so_data = 0,  EXPECTED OUTPUT so_data = 1

---------- ERROR at pattern No.        1469,  REAL OUTPUT : so_data = 1,  EXPECTED OUTPUT so_data = 0

---------- ERROR at pattern No.        1470,  REAL OUTPUT : so_data = 1,  EXPECTED OUTPUT so_data = 0

---------- ERROR at pattern No.        1471,  REAL OUTPUT : so_data = 1,  EXPECTED OUTPUT so_data = 0

---------- ERROR at pattern No.        1474,  REAL OUTPUT : so_data = 1,  EXPECTED OUTPUT so_data = 0

---------- ERROR at pattern No.        1479,  REAL OUTPUT : so_data = 1,  EXPECTED OUTPUT so_data = 0

---------- ERROR at pattern No.        1483,  REAL OUTPUT : so_data = 0,  EXPECTED OUTPUT so_data = 1

---------- ERROR at pattern No.        1484,  REAL OUTPUT : so_data = 1,  EXPECTED OUTPUT so_data = 0

---------- ERROR at pattern No.        1491,  REAL OUTPUT : so_data = 0,  EXPECTED OUTPUT so_data = 1

---------- ERROR at pattern No.        1493,  REAL OUTPUT : so_data = 0,  EXPECTED OUTPUT so_data = 1

---------- ERROR at pattern No.        1494,  REAL OUTPUT : so_data = 0,  EXPECTED OUTPUT so_data = 1

---------- ERROR at pattern No.        1505,  REAL OUTPUT : so_data = 0,  EXPECTED OUTPUT so_data = 1

---------- ERROR at pattern No.        1506,  REAL OUTPUT : so_data = 0,  EXPECTED OUTPUT so_data = 1

---------- ERROR at pattern No.        1508,  REAL OUTPUT : so_data = 1,  EXPECTED OUTPUT so_data = 0

---------- ERROR at pattern No.        1509,  REAL OUTPUT : so_data = 1,  EXPECTED OUTPUT so_data = 0

---------- ERROR at pattern No.        1510,  REAL OUTPUT : so_data = 0,  EXPECTED OUTPUT so_data = 1

---------- ERROR at pattern No.        1512,  REAL OUTPUT : so_data = 1,  EXPECTED OUTPUT so_data = 0

---------- ERROR at pattern No.        1513,  REAL OUTPUT : so_data = 1,  EXPECTED OUTPUT so_data = 0

---------- ERROR at pattern No.        1516,  REAL OUTPUT : so_data = 1,  EXPECTED OUTPUT so_data = 0

---------- ERROR at pattern No.        1518,  REAL OUTPUT : so_data = 0,  EXPECTED OUTPUT so_data = 1

---------- ERROR at pattern No.        1521,  REAL OUTPUT : so_data = 0,  EXPECTED OUTPUT so_data = 1

---------- ERROR at pattern No.        1524,  REAL OUTPUT : so_data = 1,  EXPECTED OUTPUT so_data = 0

---------- ERROR at pattern No.        1525,  REAL OUTPUT : so_data = 0,  EXPECTED OUTPUT so_data = 1

---------- ERROR at pattern No.        1527,  REAL OUTPUT : so_data = 1,  EXPECTED OUTPUT so_data = 0

---------- ERROR at pattern No.        1529,  REAL OUTPUT : so_data = 1,  EXPECTED OUTPUT so_data = 0

---------- ERROR at pattern No.        1530,  REAL OUTPUT : so_data = 1,  EXPECTED OUTPUT so_data = 0

---------- ERROR at pattern No.        1531,  REAL OUTPUT : so_data = 1,  EXPECTED OUTPUT so_data = 0

---------- ERROR at pattern No.        1532,  REAL OUTPUT : so_data = 1,  EXPECTED OUTPUT so_data = 0

---------- ERROR at pattern No.        1534,  REAL OUTPUT : so_data = 1,  EXPECTED OUTPUT so_data = 0

---------- ERROR at pattern No.        1536,  REAL OUTPUT : so_data = 1,  EXPECTED OUTPUT so_data = 0

---------- ERROR at pattern No.        1537,  REAL OUTPUT : so_data = 1,  EXPECTED OUTPUT so_data = 0

---------- ERROR at pattern No.        1538,  REAL OUTPUT : so_data = 1,  EXPECTED OUTPUT so_data = 0

---------- ERROR at pattern No.        1540,  REAL OUTPUT : so_data = 1,  EXPECTED OUTPUT so_data = 0

---------- ERROR at pattern No.        1541,  REAL OUTPUT : so_data = 1,  EXPECTED OUTPUT so_data = 0

---------- ERROR at pattern No.        1542,  REAL OUTPUT : so_data = 1,  EXPECTED OUTPUT so_data = 0

---------- ERROR at pattern No.        1545,  REAL OUTPUT : so_data = 0,  EXPECTED OUTPUT so_data = 1

---------- ERROR at pattern No.        1546,  REAL OUTPUT : so_data = 0,  EXPECTED OUTPUT so_data = 1

---------- ERROR at pattern No.        1547,  REAL OUTPUT : so_data = 0,  EXPECTED OUTPUT so_data = 1

---------- ERROR at pattern No.        1550,  REAL OUTPUT : so_data = 0,  EXPECTED OUTPUT so_data = 1

---------- ERROR at pattern No.        1551,  REAL OUTPUT : so_data = 0,  EXPECTED OUTPUT so_data = 1

---------- ERROR at pattern No.        1553,  REAL OUTPUT : so_data = 0,  EXPECTED OUTPUT so_data = 1

---------- ERROR at pattern No.        1554,  REAL OUTPUT : so_data = 0,  EXPECTED OUTPUT so_data = 1

---------- ERROR at pattern No.        1555,  REAL OUTPUT : so_data = 0,  EXPECTED OUTPUT so_data = 1

---------- ERROR at pattern No.        1561,  REAL OUTPUT : so_data = 0,  EXPECTED OUTPUT so_data = 1

---------- ERROR at pattern No.        1562,  REAL OUTPUT : so_data = 0,  EXPECTED OUTPUT so_data = 1

---------- ERROR at pattern No.        1563,  REAL OUTPUT : so_data = 0,  EXPECTED OUTPUT so_data = 1

---------- ERROR at pattern No.        1566,  REAL OUTPUT : so_data = 0,  EXPECTED OUTPUT so_data = 1

---------- ERROR at pattern No.        1568,  REAL OUTPUT : so_data = 0,  EXPECTED OUTPUT so_data = 1

---------- ERROR at pattern No.        1569,  REAL OUTPUT : so_data = 0,  EXPECTED OUTPUT so_data = 1

---------- ERROR at pattern No.        1570,  REAL OUTPUT : so_data = 0,  EXPECTED OUTPUT so_data = 1

---------- ERROR at pattern No.        1571,  REAL OUTPUT : so_data = 0,  EXPECTED OUTPUT so_data = 1

---------- ERROR at pattern No.        1573,  REAL OUTPUT : so_data = 0,  EXPECTED OUTPUT so_data = 1

---------- ERROR at pattern No.        1575,  REAL OUTPUT : so_data = 0,  EXPECTED OUTPUT so_data = 1

---------- ERROR at pattern No.        1576,  REAL OUTPUT : so_data = 0,  EXPECTED OUTPUT so_data = 1

---------- ERROR at pattern No.        1577,  REAL OUTPUT : so_data = 0,  EXPECTED OUTPUT so_data = 1

---------- ERROR at pattern No.        1578,  REAL OUTPUT : so_data = 1,  EXPECTED OUTPUT so_data = 0

---------- ERROR at pattern No.        1579,  REAL OUTPUT : so_data = 0,  EXPECTED OUTPUT so_data = 1

---------- ERROR at pattern No.        1581,  REAL OUTPUT : so_data = 0,  EXPECTED OUTPUT so_data = 1

---------- ERROR at pattern No.        1583,  REAL OUTPUT : so_data = 1,  EXPECTED OUTPUT so_data = 0

---------- ERROR at pattern No.        1585,  REAL OUTPUT : so_data = 1,  EXPECTED OUTPUT so_data = 0

---------- ERROR at pattern No.        1586,  REAL OUTPUT : so_data = 1,  EXPECTED OUTPUT so_data = 0

---------- ERROR at pattern No.        1587,  REAL OUTPUT : so_data = 1,  EXPECTED OUTPUT so_data = 0

---------- ERROR at pattern No.        1588,  REAL OUTPUT : so_data = 1,  EXPECTED OUTPUT so_data = 0

---------- ERROR at pattern No.        1591,  REAL OUTPUT : so_data = 1,  EXPECTED OUTPUT so_data = 0

---------- ERROR at pattern No.        1594,  REAL OUTPUT : so_data = 1,  EXPECTED OUTPUT so_data = 0

---------- ERROR at pattern No.        1596,  REAL OUTPUT : so_data = 1,  EXPECTED OUTPUT so_data = 0

---------- ERROR at pattern No.        1597,  REAL OUTPUT : so_data = 1,  EXPECTED OUTPUT so_data = 0

---------- ERROR at pattern No.        1609,  REAL OUTPUT : so_data = 1,  EXPECTED OUTPUT so_data = 0

---------- ERROR at pattern No.        1616,  REAL OUTPUT : so_data = 1,  EXPECTED OUTPUT so_data = 0

---------- ERROR at pattern No.        1619,  REAL OUTPUT : so_data = 0,  EXPECTED OUTPUT so_data = 1

---------- ERROR at pattern No.        1621,  REAL OUTPUT : so_data = 1,  EXPECTED OUTPUT so_data = 0

---------- ERROR at pattern No.        1622,  REAL OUTPUT : so_data = 0,  EXPECTED OUTPUT so_data = 1

---------- ERROR at pattern No.        1625,  REAL OUTPUT : so_data = 0,  EXPECTED OUTPUT so_data = 1

---------- ERROR at pattern No.        1626,  REAL OUTPUT : so_data = 0,  EXPECTED OUTPUT so_data = 1

---------- ERROR at pattern No.        1627,  REAL OUTPUT : so_data = 0,  EXPECTED OUTPUT so_data = 1

---------- ERROR at pattern No.        1628,  REAL OUTPUT : so_data = 0,  EXPECTED OUTPUT so_data = 1

---------- ERROR at pattern No.        1631,  REAL OUTPUT : so_data = 0,  EXPECTED OUTPUT so_data = 1

---------- ERROR at pattern No.        1632,  REAL OUTPUT : so_data = 1,  EXPECTED OUTPUT so_data = 0

---------- ERROR at pattern No.        1634,  REAL OUTPUT : so_data = 0,  EXPECTED OUTPUT so_data = 1

---------- ERROR at pattern No.        1636,  REAL OUTPUT : so_data = 0,  EXPECTED OUTPUT so_data = 1

---------- ERROR at pattern No.        1637,  REAL OUTPUT : so_data = 0,  EXPECTED OUTPUT so_data = 1

---------- ERROR at pattern No.        1646,  REAL OUTPUT : so_data = 1,  EXPECTED OUTPUT so_data = 0

---------- ERROR at pattern No.        1648,  REAL OUTPUT : so_data = 1,  EXPECTED OUTPUT so_data = 0

---------- ERROR at pattern No.        1651,  REAL OUTPUT : so_data = 1,  EXPECTED OUTPUT so_data = 0

---------- ERROR at pattern No.        1657,  REAL OUTPUT : so_data = 0,  EXPECTED OUTPUT so_data = 1

---------- ERROR at pattern No.        1658,  REAL OUTPUT : so_data = 0,  EXPECTED OUTPUT so_data = 1

---------- ERROR at pattern No.        1660,  REAL OUTPUT : so_data = 1,  EXPECTED OUTPUT so_data = 0

---------- ERROR at pattern No.        1662,  REAL OUTPUT : so_data = 0,  EXPECTED OUTPUT so_data = 1

---------- ERROR at pattern No.        1670,  REAL OUTPUT : so_data = 1,  EXPECTED OUTPUT so_data = 0

---------- ERROR at pattern No.        1671,  REAL OUTPUT : so_data = 1,  EXPECTED OUTPUT so_data = 0

---------- ERROR at pattern No.        1672,  REAL OUTPUT : so_data = 1,  EXPECTED OUTPUT so_data = 0

---------- ERROR at pattern No.        1673,  REAL OUTPUT : so_data = 1,  EXPECTED OUTPUT so_data = 0

---------- ERROR at pattern No.        1674,  REAL OUTPUT : so_data = 0,  EXPECTED OUTPUT so_data = 1

---------- ERROR at pattern No.        1676,  REAL OUTPUT : so_data = 1,  EXPECTED OUTPUT so_data = 0

---------- ERROR at pattern No.        1677,  REAL OUTPUT : so_data = 1,  EXPECTED OUTPUT so_data = 0

---------- ERROR at pattern No.        1678,  REAL OUTPUT : so_data = 1,  EXPECTED OUTPUT so_data = 0

---------- ERROR at pattern No.        1679,  REAL OUTPUT : so_data = 1,  EXPECTED OUTPUT so_data = 0

---------- ERROR at pattern No.        1683,  REAL OUTPUT : so_data = 1,  EXPECTED OUTPUT so_data = 0

---------- ERROR at pattern No.        1688,  REAL OUTPUT : so_data = 0,  EXPECTED OUTPUT so_data = 1

---------- ERROR at pattern No.        1689,  REAL OUTPUT : so_data = 0,  EXPECTED OUTPUT so_data = 1

---------- ERROR at pattern No.        1691,  REAL OUTPUT : so_data = 0,  EXPECTED OUTPUT so_data = 1

---------- ERROR at pattern No.        1692,  REAL OUTPUT : so_data = 1,  EXPECTED OUTPUT so_data = 0

---------- ERROR at pattern No.        1694,  REAL OUTPUT : so_data = 0,  EXPECTED OUTPUT so_data = 1

---------- ERROR at pattern No.        1702,  REAL OUTPUT : so_data = 1,  EXPECTED OUTPUT so_data = 0

---------- ERROR at pattern No.        1703,  REAL OUTPUT : so_data = 0,  EXPECTED OUTPUT so_data = 1

---------- ERROR at pattern No.        1706,  REAL OUTPUT : so_data = 1,  EXPECTED OUTPUT so_data = 0

---------- ERROR at pattern No.        1708,  REAL OUTPUT : so_data = 1,  EXPECTED OUTPUT so_data = 0

---------- ERROR at pattern No.        1710,  REAL OUTPUT : so_data = 1,  EXPECTED OUTPUT so_data = 0

---------- ERROR at pattern No.        1711,  REAL OUTPUT : so_data = 1,  EXPECTED OUTPUT so_data = 0

---------- ERROR at pattern No.        1713,  REAL OUTPUT : so_data = 1,  EXPECTED OUTPUT so_data = 0

---------- ERROR at pattern No.        1714,  REAL OUTPUT : so_data = 0,  EXPECTED OUTPUT so_data = 1

---------- ERROR at pattern No.        1715,  REAL OUTPUT : so_data = 0,  EXPECTED OUTPUT so_data = 1

---------- ERROR at pattern No.        1716,  REAL OUTPUT : so_data = 0,  EXPECTED OUTPUT so_data = 1

---------- ERROR at pattern No.        1717,  REAL OUTPUT : so_data = 0,  EXPECTED OUTPUT so_data = 1

---------- ERROR at pattern No.        1720,  REAL OUTPUT : so_data = 0,  EXPECTED OUTPUT so_data = 1

---------- ERROR at pattern No.        1721,  REAL OUTPUT : so_data = 0,  EXPECTED OUTPUT so_data = 1

---------- ERROR at pattern No.        1722,  REAL OUTPUT : so_data = 0,  EXPECTED OUTPUT so_data = 1

---------- ERROR at pattern No.        1723,  REAL OUTPUT : so_data = 0,  EXPECTED OUTPUT so_data = 1

---------- ERROR at pattern No.        1727,  REAL OUTPUT : so_data = 0,  EXPECTED OUTPUT so_data = 1

---------- ERROR at pattern No.        1731,  REAL OUTPUT : so_data = 1,  EXPECTED OUTPUT so_data = 0

---------- ERROR at pattern No.        1737,  REAL OUTPUT : so_data = 0,  EXPECTED OUTPUT so_data = 1

---------- ERROR at pattern No.        1738,  REAL OUTPUT : so_data = 0,  EXPECTED OUTPUT so_data = 1

---------- ERROR at pattern No.        1740,  REAL OUTPUT : so_data = 1,  EXPECTED OUTPUT so_data = 0

---------- ERROR at pattern No.        1748,  REAL OUTPUT : so_data = 0,  EXPECTED OUTPUT so_data = 1

---------- ERROR at pattern No.        1752,  REAL OUTPUT : so_data = 0,  EXPECTED OUTPUT so_data = 1

---------- ERROR at pattern No.        1754,  REAL OUTPUT : so_data = 0,  EXPECTED OUTPUT so_data = 1

---------- ERROR at pattern No.        1756,  REAL OUTPUT : so_data = 0,  EXPECTED OUTPUT so_data = 1

---------- ERROR at pattern No.        1757,  REAL OUTPUT : so_data = 0,  EXPECTED OUTPUT so_data = 1

---------- ERROR at pattern No.        1759,  REAL OUTPUT : so_data = 0,  EXPECTED OUTPUT so_data = 1

---------- ERROR at pattern No.        1771,  REAL OUTPUT : so_data = 1,  EXPECTED OUTPUT so_data = 0

---------- ERROR at pattern No.        1773,  REAL OUTPUT : so_data = 1,  EXPECTED OUTPUT so_data = 0

---------- ERROR at pattern No.        1774,  REAL OUTPUT : so_data = 1,  EXPECTED OUTPUT so_data = 0

---------- ERROR at pattern No.        1775,  REAL OUTPUT : so_data = 1,  EXPECTED OUTPUT so_data = 0

---------- ERROR at pattern No.        1777,  REAL OUTPUT : so_data = 0,  EXPECTED OUTPUT so_data = 1

---------- ERROR at pattern No.        1785,  REAL OUTPUT : so_data = 1,  EXPECTED OUTPUT so_data = 0

---------- ERROR at pattern No.        1795,  REAL OUTPUT : so_data = 1,  EXPECTED OUTPUT so_data = 0

---------- ERROR at pattern No.        1799,  REAL OUTPUT : so_data = 1,  EXPECTED OUTPUT so_data = 0

---------- ERROR at pattern No.        1800,  REAL OUTPUT : so_data = 1,  EXPECTED OUTPUT so_data = 0

---------- ERROR at pattern No.        1803,  REAL OUTPUT : so_data = 1,  EXPECTED OUTPUT so_data = 0

---------- ERROR at pattern No.        1804,  REAL OUTPUT : so_data = 1,  EXPECTED OUTPUT so_data = 0

---------- ERROR at pattern No.        1806,  REAL OUTPUT : so_data = 1,  EXPECTED OUTPUT so_data = 0

---------- ERROR at pattern No.        1814,  REAL OUTPUT : so_data = 1,  EXPECTED OUTPUT so_data = 0

---------- ERROR at pattern No.        1815,  REAL OUTPUT : so_data = 1,  EXPECTED OUTPUT so_data = 0

---------- ERROR at pattern No.        1816,  REAL OUTPUT : so_data = 1,  EXPECTED OUTPUT so_data = 0

---------- ERROR at pattern No.        1817,  REAL OUTPUT : so_data = 1,  EXPECTED OUTPUT so_data = 0

---------- ERROR at pattern No.        1819,  REAL OUTPUT : so_data = 1,  EXPECTED OUTPUT so_data = 0

---------- ERROR at pattern No.        1822,  REAL OUTPUT : so_data = x,  EXPECTED OUTPUT so_data = 1

---------- ERROR at pattern No.        1823,  REAL OUTPUT : so_data = x,  EXPECTED OUTPUT so_data = 0

---------- ERROR at pattern No.        1824,  REAL OUTPUT : so_data = x,  EXPECTED OUTPUT so_data = 0

---------- ERROR at pattern No.        1825,  REAL OUTPUT : so_data = x,  EXPECTED OUTPUT so_data = 0

---------- ERROR at pattern No.        1826,  REAL OUTPUT : so_data = x,  EXPECTED OUTPUT so_data = 0

---------- ERROR at pattern No.        1827,  REAL OUTPUT : so_data = x,  EXPECTED OUTPUT so_data = 0

---------- ERROR at pattern No.        1828,  REAL OUTPUT : so_data = x,  EXPECTED OUTPUT so_data = 0

---------- ERROR at pattern No.        1829,  REAL OUTPUT : so_data = x,  EXPECTED OUTPUT so_data = 0

---------- ERROR at pattern No.        1830,  REAL OUTPUT : so_data = x,  EXPECTED OUTPUT so_data = 0

---------- ERROR at pattern No.        1831,  REAL OUTPUT : so_data = x,  EXPECTED OUTPUT so_data = 0

---------- ERROR at pattern No.        1832,  REAL OUTPUT : so_data = x,  EXPECTED OUTPUT so_data = 0

---------- ERROR at pattern No.        1833,  REAL OUTPUT : so_data = x,  EXPECTED OUTPUT so_data = 1

---------- ERROR at pattern No.        1834,  REAL OUTPUT : so_data = x,  EXPECTED OUTPUT so_data = 1

---------- ERROR at pattern No.        1835,  REAL OUTPUT : so_data = x,  EXPECTED OUTPUT so_data = 0

---------- 