#! /usr/local/Cellar/icarus-verilog/10.3/bin/vvp
:ivl_version "10.3 (stable)" "(v10_3)";
:ivl_delay_selection "TYPICAL";
:vpi_time_precision + 0;
:vpi_module "system";
:vpi_module "vhdl_sys";
:vpi_module "v2005_math";
:vpi_module "va_math";
S_0x7fc34fe04180 .scope module, "LBP" "LBP" 2 1;
 .timescale 0 0;
    .port_info 0 /INPUT 1 "clk"
    .port_info 1 /INPUT 1 "reset"
    .port_info 2 /OUTPUT 6 "gray_addr"
    .port_info 3 /OUTPUT 1 "gray_req"
    .port_info 4 /INPUT 8 "gray_data"
    .port_info 5 /OUTPUT 6 "lbp_addr"
    .port_info 6 /OUTPUT 1 "lbp_write"
    .port_info 7 /OUTPUT 8 "lbp_data"
    .port_info 8 /OUTPUT 1 "finish"
P_0x7fc34fe21030 .param/l "COMP" 0 2 24, C4<10>;
P_0x7fc34fe21070 .param/l "IDLE" 0 2 24, C4<00>;
P_0x7fc34fe210b0 .param/l "LOAD" 0 2 24, C4<01>;
P_0x7fc34fe210f0 .param/l "WRITE" 0 2 24, C4<11>;
o0x7fc34fd321e8 .functor BUFZ 1, C4<z>; HiZ drive
L_0x7fc34fe30dd0 .functor AND 1, v0x7fc34fe315c0_0, o0x7fc34fd321e8, C4<1>, C4<1>;
v0x7fc34fe042e0_0 .var "LBP_bin_1", 7 0;
v0x7fc34fe30820_0 .var "LBP_bin_2", 7 0;
v0x7fc34fe308d0_0 .var "LBP_bin_3", 7 0;
v0x7fc34fe30990_0 .var "LBP_bin_4", 7 0;
v0x7fc34fe30a40_0 .var "LBP_bin_5", 7 0;
v0x7fc34fe30b30_0 .var "LBP_bin_6", 7 0;
v0x7fc34fe30be0_0 .var "LBP_bin_7", 7 0;
v0x7fc34fe30c90_0 .var "LBP_bin_8", 7 0;
v0x7fc34fe30d40_0 .var "LBP_bin_9", 7 0;
v0x7fc34fe30e50_0 .var "LBP_value", 7 0;
v0x7fc34fe30f00_0 .net "clk", 0 0, o0x7fc34fd321e8;  0 drivers
v0x7fc34fe30fa0_0 .var "finish", 0 0;
v0x7fc34fe31040_0 .var "gray_addr", 5 0;
v0x7fc34fe310f0_0 .var "gray_addr_tmp", 5 0;
o0x7fc34fd322a8 .functor BUFZ 8, C4<zzzzzzzz>; HiZ drive
v0x7fc34fe311a0_0 .net "gray_data", 7 0, o0x7fc34fd322a8;  0 drivers
v0x7fc34fe31250_0 .var "gray_req", 0 0;
v0x7fc34fe312f0_0 .var "k", 7 0;
v0x7fc34fe31480_0 .var "lbp_addr", 5 0;
v0x7fc34fe31510_0 .var "lbp_data", 7 0;
v0x7fc34fe315c0_0 .var "lbp_valid", 0 0;
v0x7fc34fe31660_0 .net "lbp_write", 0 0, L_0x7fc34fe30dd0;  1 drivers
v0x7fc34fe31700_0 .var "m", 7 0;
o0x7fc34fd32428 .functor BUFZ 1, C4<z>; HiZ drive
v0x7fc34fe317b0_0 .net "reset", 0 0, o0x7fc34fd32428;  0 drivers
v0x7fc34fe31850_0 .var "state", 1 0;
v0x7fc34fe31900_0 .var "x", 7 0;
v0x7fc34fe319b0_0 .var "x_addr", 5 0;
v0x7fc34fe31a60_0 .var "y", 7 0;
v0x7fc34fe31b10_0 .var "y_addr", 5 0;
E_0x7fc34fe1ad00 .event posedge, v0x7fc34fe30f00_0;
E_0x7fc34fe1c3d0/0 .event edge, v0x7fc34fe042e0_0, v0x7fc34fe30a40_0, v0x7fc34fe30820_0, v0x7fc34fe308d0_0;
E_0x7fc34fe1c3d0/1 .event edge, v0x7fc34fe30990_0, v0x7fc34fe30b30_0, v0x7fc34fe30be0_0, v0x7fc34fe30c90_0;
E_0x7fc34fe1c3d0/2 .event edge, v0x7fc34fe30d40_0;
E_0x7fc34fe1c3d0 .event/or E_0x7fc34fe1c3d0/0, E_0x7fc34fe1c3d0/1, E_0x7fc34fe1c3d0/2;
E_0x7fc34fe206a0/0 .event edge, v0x7fc34fe312f0_0, v0x7fc34fe31a60_0, v0x7fc34fe31900_0, v0x7fc34fe31b10_0;
E_0x7fc34fe206a0/1 .event edge, v0x7fc34fe319b0_0;
E_0x7fc34fe206a0 .event/or E_0x7fc34fe206a0/0, E_0x7fc34fe206a0/1;
E_0x7fc34fe20270 .event posedge, v0x7fc34fe317b0_0, v0x7fc34fe30f00_0;
    .scope S_0x7fc34fe04180;
T_0 ;
    %wait E_0x7fc34fe20270;
    %load/vec4 v0x7fc34fe317b0_0;
    %flag_set/vec4 8;
    %jmp/0xz  T_0.0, 8;
    %pushi/vec4 0, 0, 2;
    %assign/vec4 v0x7fc34fe31850_0, 0;
    %pushi/vec4 0, 0, 1;
    %assign/vec4 v0x7fc34fe31250_0, 0;
    %pushi/vec4 0, 0, 1;
    %assign/vec4 v0x7fc34fe30fa0_0, 0;
    %pushi/vec4 2, 0, 8;
    %assign/vec4 v0x7fc34fe31900_0, 0;
    %pushi/vec4 2, 0, 8;
    %assign/vec4 v0x7fc34fe31a60_0, 0;
    %pushi/vec4 1, 0, 8;
    %assign/vec4 v0x7fc34fe312f0_0, 0;
    %pushi/vec4 0, 0, 1;
    %assign/vec4 v0x7fc34fe315c0_0, 0;
    %jmp T_0.1;
T_0.0 ;
    %load/vec4 v0x7fc34fe31850_0;
    %dup/vec4;
    %pushi/vec4 0, 0, 2;
    %cmp/u;
    %jmp/1 T_0.2, 6;
    %dup/vec4;
    %pushi/vec4 1, 0, 2;
    %cmp/u;
    %jmp/1 T_0.3, 6;
    %dup/vec4;
    %pushi/vec4 2, 0, 2;
    %cmp/u;
    %jmp/1 T_0.4, 6;
    %dup/vec4;
    %pushi/vec4 3, 0, 2;
    %cmp/u;
    %jmp/1 T_0.5, 6;
    %jmp T_0.6;
T_0.2 ;
    %pushi/vec4 1, 0, 2;
    %assign/vec4 v0x7fc34fe31850_0, 0;
    %pushi/vec4 0, 0, 1;
    %assign/vec4 v0x7fc34fe31250_0, 0;
    %pushi/vec4 2, 0, 8;
    %assign/vec4 v0x7fc34fe31900_0, 0;
    %pushi/vec4 2, 0, 8;
    %assign/vec4 v0x7fc34fe31a60_0, 0;
    %pushi/vec4 1, 0, 8;
    %assign/vec4 v0x7fc34fe312f0_0, 0;
    %pushi/vec4 0, 0, 1;
    %assign/vec4 v0x7fc34fe315c0_0, 0;
    %pushi/vec4 0, 0, 1;
    %assign/vec4 v0x7fc34fe30fa0_0, 0;
    %jmp T_0.6;
T_0.3 ;
    %pushi/vec4 0, 0, 1;
    %assign/vec4 v0x7fc34fe315c0_0, 0;
    %pushi/vec4 1, 0, 1;
    %assign/vec4 v0x7fc34fe31250_0, 0;
    %load/vec4 v0x7fc34fe312f0_0;
    %addi 1, 0, 8;
    %assign/vec4 v0x7fc34fe312f0_0, 0;
    %load/vec4 v0x7fc34fe312f0_0;
    %pad/u 32;
    %cmpi/e 9, 0, 32;
    %jmp/0xz  T_0.7, 4;
    %pushi/vec4 2, 0, 2;
    %assign/vec4 v0x7fc34fe31850_0, 0;
    %pushi/vec4 1, 0, 1;
    %assign/vec4 v0x7fc34fe31250_0, 0;
    %jmp T_0.8;
T_0.7 ;
    %pushi/vec4 1, 0, 2;
    %assign/vec4 v0x7fc34fe31850_0, 0;
T_0.8 ;
    %jmp T_0.6;
T_0.4 ;
    %pushi/vec4 3, 0, 2;
    %assign/vec4 v0x7fc34fe31850_0, 0;
    %pushi/vec4 0, 0, 1;
    %assign/vec4 v0x7fc34fe31250_0, 0;
    %jmp T_0.6;
T_0.5 ;
    %pushi/vec4 1, 0, 1;
    %assign/vec4 v0x7fc34fe315c0_0, 0;
    %load/vec4 v0x7fc34fe31900_0;
    %pad/u 32;
    %pushi/vec4 7, 0, 32;
    %cmp/e;
    %flag_get/vec4 4;
    %load/vec4 v0x7fc34fe31a60_0;
    %pad/u 32;
    %pushi/vec4 7, 0, 32;
    %cmp/e;
    %flag_get/vec4 4;
    %and;
    %flag_set/vec4 8;
    %jmp/0xz  T_0.9, 8;
    %pushi/vec4 0, 0, 2;
    %assign/vec4 v0x7fc34fe31850_0, 0;
    %pushi/vec4 1, 0, 1;
    %assign/vec4 v0x7fc34fe30fa0_0, 0;
    %pushi/vec4 0, 0, 1;
    %assign/vec4 v0x7fc34fe31250_0, 0;
    %jmp T_0.10;
T_0.9 ;
    %load/vec4 v0x7fc34fe31900_0;
    %pad/u 32;
    %cmpi/e 7, 0, 32;
    %jmp/0xz  T_0.11, 4;
    %load/vec4 v0x7fc34fe31a60_0;
    %addi 1, 0, 8;
    %assign/vec4 v0x7fc34fe31a60_0, 0;
    %pushi/vec4 2, 0, 8;
    %assign/vec4 v0x7fc34fe31900_0, 0;
    %pushi/vec4 1, 0, 8;
    %assign/vec4 v0x7fc34fe312f0_0, 0;
    %pushi/vec4 1, 0, 2;
    %assign/vec4 v0x7fc34fe31850_0, 0;
    %pushi/vec4 0, 0, 1;
    %assign/vec4 v0x7fc34fe31250_0, 0;
    %jmp T_0.12;
T_0.11 ;
    %load/vec4 v0x7fc34fe31900_0;
    %addi 1, 0, 8;
    %assign/vec4 v0x7fc34fe31900_0, 0;
    %pushi/vec4 1, 0, 8;
    %assign/vec4 v0x7fc34fe312f0_0, 0;
    %pushi/vec4 1, 0, 2;
    %assign/vec4 v0x7fc34fe31850_0, 0;
    %pushi/vec4 0, 0, 1;
    %assign/vec4 v0x7fc34fe31250_0, 0;
T_0.12 ;
T_0.10 ;
    %jmp T_0.6;
T_0.6 ;
    %pop/vec4 1;
T_0.1 ;
    %jmp T_0;
    .thread T_0;
    .scope S_0x7fc34fe04180;
T_1 ;
    %wait E_0x7fc34fe1ad00;
    %load/vec4 v0x7fc34fe312f0_0;
    %assign/vec4 v0x7fc34fe31700_0, 0;
    %jmp T_1;
    .thread T_1;
    .scope S_0x7fc34fe04180;
T_2 ;
    %wait E_0x7fc34fe206a0;
    %load/vec4 v0x7fc34fe312f0_0;
    %dup/vec4;
    %pushi/vec4 1, 0, 8;
    %cmp/u;
    %jmp/1 T_2.0, 6;
    %dup/vec4;
    %pushi/vec4 2, 0, 8;
    %cmp/u;
    %jmp/1 T_2.1, 6;
    %dup/vec4;
    %pushi/vec4 3, 0, 8;
    %cmp/u;
    %jmp/1 T_2.2, 6;
    %dup/vec4;
    %pushi/vec4 4, 0, 8;
    %cmp/u;
    %jmp/1 T_2.3, 6;
    %dup/vec4;
    %pushi/vec4 5, 0, 8;
    %cmp/u;
    %jmp/1 T_2.4, 6;
    %dup/vec4;
    %pushi/vec4 6, 0, 8;
    %cmp/u;
    %jmp/1 T_2.5, 6;
    %dup/vec4;
    %pushi/vec4 7, 0, 8;
    %cmp/u;
    %jmp/1 T_2.6, 6;
    %dup/vec4;
    %pushi/vec4 8, 0, 8;
    %cmp/u;
    %jmp/1 T_2.7, 6;
    %dup/vec4;
    %pushi/vec4 9, 0, 8;
    %cmp/u;
    %jmp/1 T_2.8, 6;
    %jmp T_2.9;
T_2.0 ;
    %load/vec4 v0x7fc34fe31a60_0;
    %subi 1, 0, 8;
    %pad/u 6;
    %store/vec4 v0x7fc34fe31b10_0, 0, 6;
    %load/vec4 v0x7fc34fe31900_0;
    %subi 1, 0, 8;
    %pad/u 6;
    %store/vec4 v0x7fc34fe319b0_0, 0, 6;
    %jmp T_2.9;
T_2.1 ;
    %load/vec4 v0x7fc34fe31a60_0;
    %subi 1, 0, 8;
    %pad/u 6;
    %store/vec4 v0x7fc34fe31b10_0, 0, 6;
    %load/vec4 v0x7fc34fe31900_0;
    %pad/u 6;
    %store/vec4 v0x7fc34fe319b0_0, 0, 6;
    %jmp T_2.9;
T_2.2 ;
    %load/vec4 v0x7fc34fe31a60_0;
    %subi 1, 0, 8;
    %pad/u 6;
    %store/vec4 v0x7fc34fe31b10_0, 0, 6;
    %load/vec4 v0x7fc34fe31900_0;
    %addi 1, 0, 8;
    %pad/u 6;
    %store/vec4 v0x7fc34fe319b0_0, 0, 6;
    %jmp T_2.9;
T_2.3 ;
    %load/vec4 v0x7fc34fe31a60_0;
    %pad/u 6;
    %store/vec4 v0x7fc34fe31b10_0, 0, 6;
    %load/vec4 v0x7fc34fe31900_0;
    %subi 1, 0, 8;
    %pad/u 6;
    %store/vec4 v0x7fc34fe319b0_0, 0, 6;
    %jmp T_2.9;
T_2.4 ;
    %load/vec4 v0x7fc34fe31a60_0;
    %pad/u 6;
    %store/vec4 v0x7fc34fe31b10_0, 0, 6;
    %load/vec4 v0x7fc34fe31900_0;
    %pad/u 6;
    %store/vec4 v0x7fc34fe319b0_0, 0, 6;
    %jmp T_2.9;
T_2.5 ;
    %load/vec4 v0x7fc34fe31a60_0;
    %pad/u 6;
    %store/vec4 v0x7fc34fe31b10_0, 0, 6;
    %load/vec4 v0x7fc34fe31900_0;
    %addi 1, 0, 8;
    %pad/u 6;
    %store/vec4 v0x7fc34fe319b0_0, 0, 6;
    %jmp T_2.9;
T_2.6 ;
    %load/vec4 v0x7fc34fe31a60_0;
    %addi 1, 0, 8;
    %pad/u 6;
    %store/vec4 v0x7fc34fe31b10_0, 0, 6;
    %load/vec4 v0x7fc34fe31900_0;
    %subi 1, 0, 8;
    %pad/u 6;
    %store/vec4 v0x7fc34fe319b0_0, 0, 6;
    %jmp T_2.9;
T_2.7 ;
    %load/vec4 v0x7fc34fe31a60_0;
    %addi 1, 0, 8;
    %pad/u 6;
    %store/vec4 v0x7fc34fe31b10_0, 0, 6;
    %load/vec4 v0x7fc34fe31900_0;
    %pad/u 6;
    %store/vec4 v0x7fc34fe319b0_0, 0, 6;
    %jmp T_2.9;
T_2.8 ;
    %load/vec4 v0x7fc34fe31a60_0;
    %addi 1, 0, 8;
    %pad/u 6;
    %store/vec4 v0x7fc34fe31b10_0, 0, 6;
    %load/vec4 v0x7fc34fe31900_0;
    %addi 1, 0, 8;
    %pad/u 6;
    %store/vec4 v0x7fc34fe319b0_0, 0, 6;
    %jmp T_2.9;
T_2.9 ;
    %pop/vec4 1;
    %load/vec4 v0x7fc34fe31b10_0;
    %subi 1, 0, 6;
    %ix/load 4, 3, 0;
    %flag_set/imm 4, 0;
    %shiftl 4;
    %load/vec4 v0x7fc34fe319b0_0;
    %subi 1, 0, 6;
    %add;
    %store/vec4 v0x7fc34fe310f0_0, 0, 6;
    %jmp T_2;
    .thread T_2, $push;
    .scope S_0x7fc34fe04180;
T_3 ;
    %wait E_0x7fc34fe1ad00;
    %load/vec4 v0x7fc34fe310f0_0;
    %store/vec4 v0x7fc34fe31040_0, 0, 6;
    %jmp T_3;
    .thread T_3;
    .scope S_0x7fc34fe04180;
T_4 ;
    %wait E_0x7fc34fe1ad00;
    %load/vec4 v0x7fc34fe31700_0;
    %dup/vec4;
    %pushi/vec4 1, 0, 8;
    %cmp/u;
    %jmp/1 T_4.0, 6;
    %dup/vec4;
    %pushi/vec4 2, 0, 8;
    %cmp/u;
    %jmp/1 T_4.1, 6;
    %dup/vec4;
    %pushi/vec4 3, 0, 8;
    %cmp/u;
    %jmp/1 T_4.2, 6;
    %dup/vec4;
    %pushi/vec4 4, 0, 8;
    %cmp/u;
    %jmp/1 T_4.3, 6;
    %dup/vec4;
    %pushi/vec4 5, 0, 8;
    %cmp/u;
    %jmp/1 T_4.4, 6;
    %dup/vec4;
    %pushi/vec4 6, 0, 8;
    %cmp/u;
    %jmp/1 T_4.5, 6;
    %dup/vec4;
    %pushi/vec4 7, 0, 8;
    %cmp/u;
    %jmp/1 T_4.6, 6;
    %dup/vec4;
    %pushi/vec4 8, 0, 8;
    %cmp/u;
    %jmp/1 T_4.7, 6;
    %dup/vec4;
    %pushi/vec4 9, 0, 8;
    %cmp/u;
    %jmp/1 T_4.8, 6;
    %jmp T_4.9;
T_4.0 ;
    %load/vec4 v0x7fc34fe311a0_0;
    %assign/vec4 v0x7fc34fe042e0_0, 0;
    %jmp T_4.9;
T_4.1 ;
    %load/vec4 v0x7fc34fe311a0_0;
    %assign/vec4 v0x7fc34fe30820_0, 0;
    %jmp T_4.9;
T_4.2 ;
    %load/vec4 v0x7fc34fe311a0_0;
    %assign/vec4 v0x7fc34fe308d0_0, 0;
    %jmp T_4.9;
T_4.3 ;
    %load/vec4 v0x7fc34fe311a0_0;
    %assign/vec4 v0x7fc34fe30990_0, 0;
    %jmp T_4.9;
T_4.4 ;
    %load/vec4 v0x7fc34fe311a0_0;
    %assign/vec4 v0x7fc34fe30a40_0, 0;
    %jmp T_4.9;
T_4.5 ;
    %load/vec4 v0x7fc34fe311a0_0;
    %assign/vec4 v0x7fc34fe30b30_0, 0;
    %jmp T_4.9;
T_4.6 ;
    %load/vec4 v0x7fc34fe311a0_0;
    %assign/vec4 v0x7fc34fe30be0_0, 0;
    %jmp T_4.9;
T_4.7 ;
    %load/vec4 v0x7fc34fe311a0_0;
    %assign/vec4 v0x7fc34fe30c90_0, 0;
    %jmp T_4.9;
T_4.8 ;
    %load/vec4 v0x7fc34fe311a0_0;
    %assign/vec4 v0x7fc34fe30d40_0, 0;
    %jmp T_4.9;
T_4.9 ;
    %pop/vec4 1;
    %jmp T_4;
    .thread T_4;
    .scope S_0x7fc34fe04180;
T_5 ;
    %wait E_0x7fc34fe1c3d0;
    %load/vec4 v0x7fc34fe30a40_0;
    %load/vec4 v0x7fc34fe042e0_0;
    %cmp/u;
    %flag_or 5, 4;
    %flag_mov 8, 5;
    %jmp/0 T_5.0, 8;
    %pushi/vec4 1, 0, 2;
    %jmp/1 T_5.1, 8;
T_5.0 ; End of true expr.
    %pushi/vec4 0, 0, 2;
    %jmp/0 T_5.1, 8;
 ; End of false expr.
    %blend;
T_5.1;
    %pad/s 1;
    %ix/load 4, 0, 0;
    %flag_set/imm 4, 0;
    %store/vec4 v0x7fc34fe30e50_0, 4, 1;
    %load/vec4 v0x7fc34fe30a40_0;
    %load/vec4 v0x7fc34fe30820_0;
    %cmp/u;
    %flag_or 5, 4;
    %flag_mov 8, 5;
    %jmp/0 T_5.2, 8;
    %pushi/vec4 1, 0, 2;
    %jmp/1 T_5.3, 8;
T_5.2 ; End of true expr.
    %pushi/vec4 0, 0, 2;
    %jmp/0 T_5.3, 8;
 ; End of false expr.
    %blend;
T_5.3;
    %pad/s 1;
    %ix/load 4, 1, 0;
    %flag_set/imm 4, 0;
    %store/vec4 v0x7fc34fe30e50_0, 4, 1;
    %load/vec4 v0x7fc34fe30a40_0;
    %load/vec4 v0x7fc34fe308d0_0;
    %cmp/u;
    %flag_or 5, 4;
    %flag_mov 8, 5;
    %jmp/0 T_5.4, 8;
    %pushi/vec4 1, 0, 2;
    %jmp/1 T_5.5, 8;
T_5.4 ; End of true expr.
    %pushi/vec4 0, 0, 2;
    %jmp/0 T_5.5, 8;
 ; End of false expr.
    %blend;
T_5.5;
    %pad/s 1;
    %ix/load 4, 2, 0;
    %flag_set/imm 4, 0;
    %store/vec4 v0x7fc34fe30e50_0, 4, 1;
    %load/vec4 v0x7fc34fe30a40_0;
    %load/vec4 v0x7fc34fe30990_0;
    %cmp/u;
    %flag_or 5, 4;
    %flag_mov 8, 5;
    %jmp/0 T_5.6, 8;
    %pushi/vec4 1, 0, 2;
    %jmp/1 T_5.7, 8;
T_5.6 ; End of true expr.
    %pushi/vec4 0, 0, 2;
    %jmp/0 T_5.7, 8;
 ; End of false expr.
    %blend;
T_5.7;
    %pad/s 1;
    %ix/load 4, 3, 0;
    %flag_set/imm 4, 0;
    %store/vec4 v0x7fc34fe30e50_0, 4, 1;
    %load/vec4 v0x7fc34fe30a40_0;
    %load/vec4 v0x7fc34fe30b30_0;
    %cmp/u;
    %flag_or 5, 4;
    %flag_mov 8, 5;
    %jmp/0 T_5.8, 8;
    %pushi/vec4 1, 0, 2;
    %jmp/1 T_5.9, 8;
T_5.8 ; End of true expr.
    %pushi/vec4 0, 0, 2;
    %jmp/0 T_5.9, 8;
 ; End of false expr.
    %blend;
T_5.9;
    %pad/s 1;
    %ix/load 4, 4, 0;
    %flag_set/imm 4, 0;
    %store/vec4 v0x7fc34fe30e50_0, 4, 1;
    %load/vec4 v0x7fc34fe30a40_0;
    %load/vec4 v0x7fc34fe30be0_0;
    %cmp/u;
    %flag_or 5, 4;
    %flag_mov 8, 5;
    %jmp/0 T_5.10, 8;
    %pushi/vec4 1, 0, 2;
    %jmp/1 T_5.11, 8;
T_5.10 ; End of true expr.
    %pushi/vec4 0, 0, 2;
    %jmp/0 T_5.11, 8;
 ; End of false expr.
    %blend;
T_5.11;
    %pad/s 1;
    %ix/load 4, 5, 0;
    %flag_set/imm 4, 0;
    %store/vec4 v0x7fc34fe30e50_0, 4, 1;
    %load/vec4 v0x7fc34fe30a40_0;
    %load/vec4 v0x7fc34fe30c90_0;
    %cmp/u;
    %flag_or 5, 4;
    %flag_mov 8, 5;
    %jmp/0 T_5.12, 8;
    %pushi/vec4 1, 0, 2;
    %jmp/1 T_5.13, 8;
T_5.12 ; End of true expr.
    %pushi/vec4 0, 0, 2;
    %jmp/0 T_5.13, 8;
 ; End of false expr.
    %blend;
T_5.13;
    %pad/s 1;
    %ix/load 4, 6, 0;
    %flag_set/imm 4, 0;
    %store/vec4 v0x7fc34fe30e50_0, 4, 1;
    %load/vec4 v0x7fc34fe30a40_0;
    %load/vec4 v0x7fc34fe30d40_0;
    %cmp/u;
    %flag_or 5, 4;
    %flag_mov 8, 5;
    %jmp/0 T_5.14, 8;
    %pushi/vec4 1, 0, 2;
    %jmp/1 T_5.15, 8;
T_5.14 ; End of true expr.
    %pushi/vec4 0, 0, 2;
    %jmp/0 T_5.15, 8;
 ; End of false expr.
    %blend;
T_5.15;
    %pad/s 1;
    %ix/load 4, 7, 0;
    %flag_set/imm 4, 0;
    %store/vec4 v0x7fc34fe30e50_0, 4, 1;
    %jmp T_5;
    .thread T_5, $push;
    .scope S_0x7fc34fe04180;
T_6 ;
    %wait E_0x7fc34fe1ad00;
    %load/vec4 v0x7fc34fe31a60_0;
    %subi 1, 0, 8;
    %ix/load 4, 3, 0;
    %flag_set/imm 4, 0;
    %shiftl 4;
    %load/vec4 v0x7fc34fe31900_0;
    %subi 1, 0, 8;
    %add;
    %pad/u 6;
    %assign/vec4 v0x7fc34fe31480_0, 0;
    %jmp T_6;
    .thread T_6;
    .scope S_0x7fc34fe04180;
T_7 ;
    %wait E_0x7fc34fe1ad00;
    %load/vec4 v0x7fc34fe30e50_0;
    %assign/vec4 v0x7fc34fe31510_0, 0;
    %jmp T_7;
    .thread T_7;
# The file index is used to find the file name in the following table.
:file_names 3;
    "N/A";
    "<interactive>";
    "LBP.v";
